A
AA
AAA
AAAU
AACB
AACG
AACT
AADR
AAL
AAM
AAME
AAMI
AAOI
AAON
AAP
AAPB
AAPD
AAPG
AAPL
AAPR
AAPU
AAPW
AAPX
AAPY
AARD
AAT
AAUC
AAVM
AAXJ
AB
ABAT
ABBV
ABCB
ABCL
ABCS
ABEO
ABEQ
ABEV
ABFL
ABG
ABIG
ABL
ABLD
ABLG
ABLS
ABM
ABNB
ABNY
ABOS
ABOT
ABP
ABR
ABSI
ABT
ABTS
ABUS
ABVC
ABVE
ABVX
ABXB
AC
ACA
ACAD
ACB
ACCO
ACCS
ACDC
ACEL
ACES
ACET
ACGL
ACGR
ACHC
ACHR
ACHV
ACI
ACIC
ACIO
ACIU
ACIW
ACLC
ACLO
ACLS
ACLX
ACM
ACMR
ACN
ACNB
ACNT
ACOG
ACON
ACP
ACR
ACRE
ACRS
ACRV
ACSI
ACT
ACTG
ACTU
ACTV
ACU
ACV
ACVA
ACVF
ACVT
ACWI
ACWV
ACWX
ACXP
ADAG
ADAP
ADBE
ADBG
ADC
ADCT
ADD
ADEA
ADFI
ADGM
ADI
ADIL
ADIV
ADM
ADMA
ADME
ADN
ADNT
ADP
ADPT
ADPV
ADSE
ADSK
ADT
ADTN
ADTX
ADUR
ADUS
ADV
ADVB
ADVE
ADVM
ADX
ADXN
AEE
AEF
AEFC
AEG
AEHL
AEHR
AEI
AEIS
AEM
AEMD
AENT
AEO
AEON
AEP
AER
AERT
AES
AESI
AESR
AETH
AEVA
AEYE
AFB
AFBI
AFCG
AFG
AFGB
AFGC
AFGD
AFGE
AFIF
AFIX
AFJK
AFK
AFL
AFLG
AFMC
AFRI
AFRM
AFSC
AFSM
AFYA
AG
AGAE
AGCO
AGD
AGEM
AGEN
AGFY
AGG
AGGA
AGGH
AGGS
AGGY
AGH
AGI
AGIH
AGIO
AGIX
AGL
AGM
AGMH
AGMI
AGNC
AGNG
AGO
AGOX
AGQ
AGQI
AGRH
AGRI
AGRO
AGRW
AGS
AGX
AGYS
AGZ
AGZD
AHCO
AHG
AHH
AHL
AHLT
AHR
AHT
AHYB
AI
AIA
AIBD
AIBU
AIEQ
AIFD
AIFE
AIFF
AIFU
AIG
AIHS
AII
AIMD
AIN
AINP
AIO
AIOT
AIP
AIPI
AIQ
AIR
AIRE
AIRG
AIRI
AIRJ
AIRL
AIRR
AIRS
AIRT
AIS
AISP
AIT
AIV
AIVC
AIVI
AIVL
AIXI
AIYY
AIZ
AIZN
AJAN
AJG
AJUL
AKAM
AKBA
AKR
AKRO
AKTX
AKYA
AL
ALAB
ALAI
ALAR
ALB
ALBT
ALC
ALCO
ALCY
ALDF
ALDX
ALE
ALEC
ALEX
ALF
ALG
ALGM
ALGN
ALGS
ALGT
ALHC
ALIL
ALIT
ALK
ALKS
ALKT
ALL
ALLE
ALLO
ALLR
ALLT
ALLW
ALLY
ALMS
ALMU
ALNT
ALNY
ALOT
ALRM
ALRS
ALSN
ALT
ALTG
ALTI
ALTL
ALTO
ALTS
ALTY
ALUR
ALV
ALVO
ALX
ALXO
ALZN
AM
AMAL
AMAT
AMAX
AMBA
AMBC
AMBI
AMBO
AMBP
AMBR
AMC
AMCR
AMCX
AMD
AMDD
AMDG
AMDL
AMDS
AMDY
AME
AMED
AMG
AMGN
AMH
AMID
AMIX
AMJB
AMKR
AMLP
AMLX
AMN
AMOD
AMOM
AMP
AMPG
AMPH
AMPL
AMPX
AMPY
AMR
AMRC
AMRK
AMRN
AMRX
AMS
AMSC
AMSF
AMST
AMT
AMTB
AMTD
AMTM
AMTX
AMUB
AMUU
AMWD
AMWL
AMX
AMZA
AMZD
AMZE
AMZN
AMZP
AMZU
AMZY
AMZZ
AN
ANAB
ANDE
ANEB
ANET
ANEW
ANF
ANGH
ANGI
ANGL
ANGO
ANIK
ANIP
ANIX
ANL
ANNA
ANNX
ANRO
ANSC
ANSS
ANTA
ANTE
ANTX
ANVS
ANY
AOA
AOCT
AOD
AOHY
AOK
AOM
AOMD
AOMN
AOMR
AON
AOR
AORT
AOS
AOSL
AOTG
AOUT
AP
APA
APAM
APCB
APD
APDN
APED
APEI
APG
APGE
APH
API
APIE
APLD
APLE
APLM
APLS
APLT
APLU
APLY
APM
APMU
APO
APOC
APOG
APOS
APP
APPF
APPN
APPS
APPX
APRE
APRH
APRJ
APRP
APRT
APRW
APRZ
APT
APTV
APUE
APUS
APVO
APWC
APXM
APYX
AQB
AQLT
AQMS
AQN
AQNB
AQST
AQWA
AR
ARAI
ARAY
ARB
ARBB
ARBE
ARBK
ARCB
ARCC
ARCM
ARCO
ARCT
ARCX
ARDC
ARDT
ARDX
ARE
AREA
AREB
AREC
AREN
ARES
ARGD
ARGT
ARGX
ARHS
ARI
ARIS
ARKA
ARKB
ARKD
ARKF
ARKG
ARKK
ARKO
ARKQ
ARKR
ARKW
ARKX
ARKZ
ARL
ARLO
ARLP
ARLU
ARM
ARMG
ARMH
ARMK
ARMN
ARMP
ARMU
AROC
AROW
ARP
ARQ
ARQQ
ARQT
ARR
ARRY
ARTL
ARTV
ARTW
ARTY
ARVN
ARVR
ARW
ARWR
AS
ASA
ASAN
ASB
ASBA
ASBP
ASC
ASEA
ASET
ASG
ASGI
ASGN
ASH
ASHR
ASHS
ASIA
ASIC
ASIX
ASLE
ASLV
ASM
ASMB
ASMF
ASMG
ASMH
ASML
ASND
ASNS
ASO
ASPC
ASPI
ASPN
ASPS
ASR
ASRT
ASRV
ASST
ASTC
ASTE
ASTH
ASTI
ASTL
ASTS
ASUR
ASX
ASYS
ATAI
ATAT
ATCH
ATEC
ATEN
ATER
ATEX
ATFV
ATGE
ATGL
ATHA
ATHE
ATHM
ATHR
ATHS
ATI
ATII
ATKR
ATLC
ATLN
ATLO
ATLX
ATMC
ATMP
ATMU
ATMV
ATNF
ATNI
ATNM
ATO
ATOM
ATOS
ATPC
ATR
ATRA
ATRC
ATRO
ATS
ATUS
ATXS
ATYR
AU
AUB
AUBN
AUDC
AUGM
AUGP
AUGT
AUGU
AUGW
AUGZ
AUID
AUMI
AUNA
AUPH
AUR
AURA
AUSF
AUST
AUTL
AUUD
AVA
AVAH
AVAL
AVAV
AVB
AVBP
AVD
AVDE
AVDL
AVDS
AVDV
AVDX
AVEE
AVEM
AVES
AVGB
AVGE
AVGG
AVGO
AVGV
AVGX
AVIE
AVIG
AVIR
AVIV
AVK
AVL
AVLC
AVLV
AVMA
AVMC
AVMU
AVMV
AVNM
AVNS
AVNT
AVNV
AVNW
AVO
AVPT
AVR
AVRE
AVS
AVSC
AVSD
AVSE
AVSF
AVSU
AVT
AVTR
AVTX
AVUQ
AVUS
AVUV
AVXC
AVXL
AVY
AWAY
AWEG
AWF
AWI
AWK
AWP
AWR
AWRE
AWX
AX
AXGN
AXIL
AXL
AXON
AXP
AXR
AXS
AXSM
AXTA
AXTI
AYI
AYRO
AYTU
AZ
AZEK
AZI
AZN
AZNH
AZO
AZTA
AZTD
AZTR
AZZ
B
BA
BAB
BABA
BABO
BABX
BAC
BACQ
BAER
BAFE
BAFN
BAGY
BAH
BAI
BAK
BALI
BALL
BALT
BALY
BAM
BAMA
BAMB
BAMD
BAMG
BAMO
BAMU
BAMV
BAMY
BANC
BAND
BANF
BANR
BANX
BAOS
BAP
BAPR
BAR
BARK
BASE
BATL
BATT
BAUG
BAX
BAYA
BB
BBAG
BBAI
BBAR
BBAX
BBBI
BBBL
BBBS
BBC
BBCA
BBCB
BBCP
BBD
BBDC
BBDO
BBEM
BBEU
BBGI
BBH
BBHY
BBIB
BBIN
BBIO
BBJP
BBLB
BBLG
BBLU
BBMC
BBN
BBNX
BBP
BBRE
BBSB
BBSC
BBSI
BBU
BBUC
BBUS
BBVA
BBW
BBWI
BBY
BC
BCAB
BCAL
BCAT
BCAX
BCBP
BCC
BCCC
BCD
BCDA
BCDF
BCE
BCG
BCH
BCHI
BCHP
BCI
BCIL
BCIM
BCLI
BCLO
BCML
BCO
BCOR
BCPC
BCRX
BCS
BCSF
BCTX
BCUS
BCV
BCX
BCYC
BDC
BDCX
BDCZ
BDEC
BDGS
BDIV
BDJ
BDL
BDMD
BDN
BDRX
BDRY
BDSX
BDTX
BDVG
BDX
BE
BEAG
BEAM
BEAT
BEDU
BEDZ
BEEM
BEEP
BEEX
BEEZ
BEGS
BEKE
BELT
BEMB
BEN
BENF
BENJ
BEP
BEPC
BEPH
BEPI
BEPJ
BERZ
BESF
BETE
BETH
BETR
BETZ
BFAM
BFAP
BFC
BFEB
BFH
BFIN
BFIX
BFK
BFLY
BFOR
BFRE
BFRG
BFRI
BFRZ
BFS
BFST
BFZ
BG
BGB
BGC
BGDV
BGFV
BGH
BGI
BGIG
BGLC
BGLD
BGM
BGR
BGRN
BGRO
BGS
BGSF
BGT
BGX
BGY
BH
BHAT
BHB
BHC
BHE
BHF
BHK
BHLB
BHM
BHP
BHR
BHRB
BHST
BHV
BHVN
BHYB
BIAF
BIB
BIBL
BIDD
BIDU
BIGC
BIGY
BIIB
BIL
BILD
BILI
BILL
BILS
BILZ
BINC
BINV
BIO
BIOA
BIOX
BIP
BIPC
BIPH
BIPI
BIPJ
BIRD
BIRK
BIS
BIT
BITB
BITC
BITF
BITI
BITO
BITQ
BITS
BITU
BITX
BITY
BIV
BIVI
BIYA
BIZD
BJ
BJAN
BJDX
BJK
BJRI
BJUL
BJUN
BK
BKAG
BKCG
BKCH
BKCI
BKD
BKDV
BKE
BKEM
BKF
BKGI
BKH
BKHA
BKHY
BKIE
BKIV
BKKT
BKLC
BKLN
BKMC
BKN
BKNG
BKR
BKSE
BKSY
BKT
BKTI
BKU
BKUI
BKV
BKWO
BKYI
BL
BLBD
BLBX
BLCN
BLCO
BLCR
BLCV
BLD
BLDE
BLDG
BLDP
BLDR
BLE
BLES
BLFS
BLFY
BLIN
BLIV
BLK
BLKB
BLKC
BLMN
BLMZ
BLND
BLNE
BLNK
BLOK
BLRX
BLTE
BLV
BLW
BLX
BLZE
BMA
BMAR
BMAX
BMAY
BMBL
BMDL
BME
BMEA
BMED
BMEZ
BMGL
BMI
BMN
BMNR
BMO
BMR
BMRA
BMRC
BMRN
BMVP
BMY
BN
BNAI
BND
BNDC
BNDD
BNDI
BNDS
BNDW
BNDX
BNED
BNGE
BNGO
BNH
BNJ
BNKD
BNKU
BNL
BNO
BNOV
BNR
BNRG
BNS
BNT
BNTC
BNTX
BNY
BNZI
BOAT
BOBP
BOC
BOCT
BODI
BOE
BOED
BOEU
BOF
BOH
BOIL
BOKF
BOLD
BOLT
BON
BOND
BOOM
BOOT
BORR
BOSC
BOTJ
BOTT
BOTZ
BOUT
BOW
BOWN
BOX
BOXA
BOXL
BOXX
BP
BPAY
BPH
BPI
BPMC
BPOP
BPRN
BPT
BQ
BR
BRAG
BRAZ
BRBR
BRBS
BRC
BRCC
BRDG
BREA
BRF
BRFH
BRFS
BRHY
BRIA
BRID
BRIF
BRKC
BRKD
BRKL
BRKR
BRKU
BRLN
BRLS
BRLT
BRN
BRNS
BRNY
BRO
BROG
BROS
BRRR
BRSP
BRT
BRTR
BRTX
BRW
BRX
BRY
BRZE
BRZU
BSAC
BSBK
BSBR
BSCP
BSCQ
BSCR
BSCS
BSCT
BSCU
BSCV
BSCW
BSCX
BSCY
BSCZ
BSEP
BSET
BSGM
BSJP
BSJQ
BSJR
BSJS
BSJT
BSJU
BSJV
BSJW
BSJX
BSL
BSLK
BSM
BSMC
BSMP
BSMQ
BSMR
BSMS
BSMT
BSMU
BSMV
BSMW
BSMY
BSR
BSRR
BSSX
BST
BSTP
BSTZ
BSV
BSVN
BSVO
BSX
BSY
BTA
BTAI
BTAL
BTBD
BTBT
BTC
BTCC
BTCI
BTCL
BTCM
BTCO
BTCS
BTCT
BTCW
BTCZ
BTDR
BTE
BTF
BTFX
BTG
BTGD
BTI
BTM
BTMD
BTO
BTOC
BTOG
BTOP
BTR
BTRN
BTSG
BTT
BTU
BTX
BTZ
BUCK
BUD
BUFB
BUFC
BUFD
BUFF
BUFG
BUFI
BUFM
BUFP
BUFQ
BUFR
BUFS
BUFT
BUFY
BUFZ
BUG
BUI
BUL
BULD
BULL
BULZ
BUR
BURL
BURU
BUSA
BUSE
BUXX
BUYO
BUYW
BUYZ
BUZZ
BV
BVFL
BVN
BVS
BW
BWA
BWAY
BWB
BWEB
BWEN
BWET
BWFG
BWG
BWIN
BWLP
BWMN
BWMX
BWNB
BWSN
BWTG
BWX
BWXT
BWZ
BX
BXC
BXMT
BXMX
BXP
BXSL
BY
BYD
BYFC
BYLD
BYM
BYND
BYON
BYRE
BYRN
BYSI
BZ
BZAI
BZFD
BZH
BZQ
BZUN
C
CA
CAAA
CAAP
CAAS
CABA
CABO
CAC
CACC
CACI
CADE
CADL
CAE
CAF
CAFG
CAFX
CAG
CAH
CAKE
CAL
CALC
CALF
CALI
CALM
CALX
CAML
CAMP
CAMT
CAMX
CAN
CANC
CANE
CANF
CANG
CANQ
CAOS
CAPE
CAPL
CAPN
CAPR
CAPS
CAPT
CAR
CARD
CARE
CARG
CARK
CARM
CARR
CARS
CART
CARU
CARV
CARY
CARZ
CAS
CASH
CASI
CASK
CASS
CASY
CAT
CATF
CATH
CATO
CATX
CATY
CAVA
CB
CBAN
CBAT
CBFV
CBL
CBLL
CBLS
CBNA
CBNK
CBOA
CBOE
CBOJ
CBON
CBRE
CBRL
CBSE
CBSH
CBT
CBTA
CBTJ
CBU
CBUS
CBXA
CBXJ
CBZ
CC
CCAP
CCB
CCBG
CCCC
CCCM
CCCS
CCD
CCEC
CCEF
CCEL
CCEP
CCFE
CCG
CCI
CCIA
CCIF
CCIR
CCIX
CCJ
CCK
CCL
CCLD
CCM
CCMG
CCNE
CCNR
CCO
CCOI
CCOR
CCRD
CCRN
CCRV
CCS
CCSB
CCSI
CCSO
CCTG
CCU
CCZ
CDC
CDE
CDEI
CDIO
CDL
CDLR
CDLX
CDNA
CDNS
CDP
CDRE
CDRO
CDT
CDTG
CDTX
CDW
CDX
CDXS
CDZI
CE
CEAD
CECO
CEE
CEF
CEFA
CEFD
CEFS
CEG
CELC
CELH
CELU
CELZ
CEMB
CENN
CENT
CENX
CEP
CEPI
CEPO
CEPT
CEPU
CERO
CERS
CERT
CERY
CET
CETH
CETX
CETY
CEV
CEVA
CEW
CF
CFA
CFBK
CFFI
CFFN
CFG
CFIT
CFLT
CFO
CFR
CFSB
CG
CGAU
CGBD
CGBL
CGBS
CGC
CGCB
CGCP
CGCV
CGDG
CGDV
CGEM
CGEN
CGGE
CGGO
CGGR
CGHM
CGIB
CGIC
CGIE
CGMM
CGMS
CGMU
CGNG
CGNT
CGNX
CGO
CGON
CGRO
CGSD
CGSM
CGTL
CGTX
CGUI
CGUS
CGV
CGW
CGXU
CHA
CHAC
CHAR
CHAT
CHAU
CHCI
CHCO
CHCT
CHD
CHDN
CHE
CHEB
CHEF
CHEK
CHGG
CHGX
CHH
CHI
CHIQ
CHKP
CHMG
CHMI
CHN
CHNR
CHPS
CHPT
CHPY
CHR
CHRD
CHRO
CHRS
CHRW
CHT
CHTR
CHW
CHWY
CHX
CHY
CHYM
CI
CIA
CIB
CIBR
CICB
CIEN
CIF
CIFR
CIG
CIGI
CIGL
CII
CIIT
CIK
CIL
CIM
CIMN
CIMO
CINF
CING
CINT
CIO
CION
CISO
CISS
CIVB
CIVI
CIX
CJET
CJMB
CKX
CL
CLAR
CLB
CLBK
CLBR
CLBT
CLCO
CLDI
CLDL
CLDT
CLDX
CLF
CLFD
CLGN
CLH
CLIK
CLIP
CLIR
CLIX
CLLS
CLM
CLMB
CLMT
CLNE
CLNN
CLOA
CLOB
CLOD
CLOI
CLOU
CLOV
CLOX
CLOZ
CLPR
CLPS
CLPT
CLRB
CLRO
CLS
CLSD
CLSE
CLSK
CLSM
CLST
CLVT
CLW
CLWT
CLX
CLYM
CM
CMA
CMBM
CMBS
CMBT
CMC
CMCI
CMCL
CMCM
CMCO
CMCT
CMDB
CMDT
CMDY
CME
CMF
CMG
CMI
CMMB
CMND
CMP
CMPO
CMPR
CMPS
CMPX
CMRE
CMS
CMSA
CMSC
CMSD
CMT
CMTG
CMTL
CMU
CNA
CNAV
CNBS
CNC
CNCK
CNDT
CNEQ
CNET
CNEY
CNF
CNFR
CNH
CNI
CNK
CNL
CNM
CNMD
CNNE
CNO
CNOB
CNP
CNQ
CNR
CNRG
CNS
CNSP
CNTA
CNTB
CNTX
CNTY
CNVS
CNX
CNXC
CNXN
CNXT
CNYA
COAL
COCH
COCO
COCP
CODA
CODI
CODX
COE
COEP
COF
COFS
COGT
COHN
COHR
COHU
COIG
COII
COIN
COIW
COKE
COLA
COLB
COLD
COLL
COLM
COM
COMB
COMM
COMP
COMT
CON
CONI
CONL
CONY
COO
COOK
COOP
COOT
COP
COPA
COPJ
COPL
COPP
COPX
COPY
COR
CORN
CORO
CORP
CORT
CORX
CORZ
COSM
COST
COTY
COUR
COWG
COWS
COWZ
COYA
CP
CPA
CPAC
CPAI
CPAY
CPB
CPBI
CPER
CPF
CPHC
CPHI
CPII
CPIX
CPK
CPLB
CPLS
CPNG
CPNJ
CPNM
CPNQ
CPNS
CPOP
CPRA
CPRI
CPRJ
CPRO
CPRT
CPRX
CPRY
CPS
CPSA
CPSD
CPSF
CPSH
CPSJ
CPSL
CPSM
CPSN
CPSO
CPSP
CPSR
CPSS
CPST
CPSU
CPSY
CPT
CPXR
CPZ
CQP
CQQQ
CR
CRAI
CRAK
CRBD
CRBG
CRBN
CRBP
CRBU
CRC
CRCL
CRCT
CRDF
CRDL
CRDO
CRDT
CRED
CREG
CREV
CREX
CRF
CRGO
CRGX
CRGY
CRH
CRI
CRIS
CRK
CRL
CRM
CRMD
CRMG
CRML
CRMT
CRNC
CRNT
CRNX
CRON
CROX
CRPT
CRS
CRSH
CRSP
CRSR
CRT
CRTC
CRTO
CRUS
CRVL
CRVO
CRVS
CRWD
CRWL
CRWS
CRWV
CSAI
CSAN
CSB
CSBR
CSCI
CSCO
CSD
CSGP
CSGS
CSHI
CSHP
CSIQ
CSL
CSM
CSMD
CSNR
CSPF
CSPI
CSQ
CSR
CSRE
CSTE
CSTK
CSTL
CSTM
CSV
CSW
CSWC
CSX
CTA
CTAS
CTBB
CTBI
CTDD
CTEC
CTEV
CTEX
CTGO
CTKB
CTLP
CTM
CTMX
CTNM
CTO
CTOR
CTOS
CTRA
CTRE
CTRI
CTRM
CTRN
CTS
CTSH
CTSO
CTVA
CTXR
CUB
CUBA
CUBB
CUBE
CUBI
CUE
CUK
CULP
CUPR
CURB
CURE
CURI
CURR
CURV
CUT
CUZ
CVAC
CVAR
CVBF
CVCO
CVE
CVEO
CVGI
CVGW
CVI
CVIE
CVKD
CVLC
CVLG
CVLT
CVM
CVMC
CVNA
CVNX
CVNY
CVR
CVRD
CVRT
CVRX
CVS
CVSB
CVSE
CVU
CVV
CVX
CVY
CW
CWAN
CWB
CWBC
CWCO
CWD
CWEB
CWEN
CWH
CWI
CWK
CWS
CWST
CWT
CX
CXAI
CXDO
CXE
CXH
CXM
CXRN
CXSE
CXT
CXW
CYBN
CYBR
CYCC
CYCN
CYCU
CYD
CYH
CYN
CYRX
CYTK
CZA
CZAR
CZFS
CZNC
CZR
CZWI
D
DAAQ
DABS
DAC
DADA
DAIO
DAKT
DAL
DALI
DALN
DAN
DAO
DAPP
DAPR
DAR
DARE
DARP
DASH
DAT
DATS
DAUG
DAVA
DAVE
DAWN
DAX
DAY
DB
DBA
DBAW
DBB
DBC
DBD
DBE
DBEF
DBEM
DBEU
DBEZ
DBI
DBJP
DBL
DBMF
DBND
DBO
DBP
DBRG
DBVT
DBX
DC
DCAP
DCBO
DCGO
DCI
DCMT
DCO
DCOM
DCOR
DCRE
DCTH
DD
DDC
DDD
DDEC
DDI
DDIV
DDL
DDLS
DDM
DDOG
DDS
DDT
DDWM
DE
DEA
DEC
DECK
DECM
DECO
DECP
DECT
DECU
DECW
DECZ
DEED
DEEF
DEEP
DEFI
DEFR
DEFT
DEHP
DEI
DELL
DEM
DEMZ
DENN
DEO
DERM
DES
DESK
DEUS
DEVS
DEW
DEXC
DFAC
DFAE
DFAI
DFAR
DFAS
DFAT
DFAU
DFAW
DFAX
DFCA
DFCF
DFDV
DFE
DFEB
DFEM
DFEN
DFEV
DFGP
DFGR
DFGX
DFH
DFIC
DFII
DFIN
DFIP
DFIS
DFIV
DFJ
DFLI
DFLV
DFND
DFNL
DFNM
DFP
DFSB
DFSD
DFSE
DFSI
DFSU
DFSV
DFUS
DFUV
DFVE
DFVX
DG
DGCB
DGII
DGIN
DGP
DGRE
DGRO
DGRS
DGRW
DGS
DGT
DGX
DGXX
DGZ
DH
DHAI
DHC
DHDG
DHF
DHI
DHIL
DHR
DHS
DHSB
DHT
DHX
DHY
DIA
DIAL
DIAX
DIBS
DIEM
DIG
DIHP
DIM
DIN
DINO
DINT
DIOD
DIPS
DIS
DISO
DIST
DISV
DIT
DIV
DIVB
DIVD
DIVG
DIVI
DIVL
DIVO
DIVP
DIVS
DIVY
DIVZ
DJAN
DJCO
DJD
DJIA
DJP
DJT
DJTU
DJUL
DJUN
DK
DKL
DKNG
DKS
DLB
DLHC
DLLL
DLN
DLNG
DLO
DLPN
DLR
DLS
DLTH
DLTR
DLX
DLY
DMA
DMAA
DMAC
DMAR
DMAT
DMAX
DMAY
DMB
DMBS
DMCY
DMF
DMLP
DMO
DMRC
DMX
DMXF
DMYY
DNA
DNB
DNL
DNLI
DNN
DNOV
DNOW
DNP
DNTH
DNUT
DOC
DOCN
DOCS
DOCT
DOCU
DOG
DOGG
DOGZ
DOL
DOLE
DOMH
DOMO
DON
DOOO
DORM
DOUG
DOV
DOW
DOX
DOYU
DPG
DPRO
DPST
DPZ
DQ
DRAG
DRAI
DRCT
DRD
DRDB
DRH
DRI
DRIO
DRIP
DRIV
DRLL
DRMA
DRN
DRRX
DRS
DRSK
DRTS
DRUG
DRUP
DRV
DRVN
DSCF
DSEP
DSGN
DSGR
DSGX
DSI
DSL
DSM
DSMC
DSP
DSPY
DSS
DSTL
DSTX
DSU
DSWL
DSX
DSY
DT
DTAN
DTB
DTCK
DTCR
DTD
DTE
DTEC
DTF
DTG
DTH
DTI
DTIL
DTM
DTRE
DTSQ
DTSS
DTST
DTW
DUBS
DUG
DUHP
DUK
DUKB
DUKH
DUKQ
DUKX
DUKZ
DULL
DUO
DUOL
DUOT
DURA
DUSA
DUSB
DUSL
DUST
DV
DVA
DVAL
DVAX
DVDN
DVLT
DVLU
DVN
DVND
DVOL
DVQQ
DVS
DVSP
DVY
DVYA
DVYE
DWAS
DWAT
DWAW
DWCR
DWLD
DWM
DWMF
DWSH
DWSN
DWTX
DWUS
DWX
DX
DXC
DXCM
DXD
DXIV
DXJ
DXJS
DXLG
DXPE
DXR
DXST
DXUV
DXYZ
DY
DYAI
DYCQ
DYFI
DYLD
DYLG
DYN
DYNF
DYNI
DYNX
DYTA
DZZ
E
EA
EAD
EAF
EAFG
EAGG
EAGL
EAI
EALT
EAOA
EAOK
EAOM
EAOR
EAPR
EARN
EASG
EAT
EATZ
EB
EBAY
EBC
EBF
EBI
EBIT
EBIZ
EBMT
EBND
EBON
EBR
EBS
EBTC
EBUF
EC
ECAT
ECBK
ECC
ECCC
ECCF
ECCU
ECCV
ECCW
ECCX
ECDA
ECF
ECG
ECH
ECL
ECLN
ECML
ECNS
ECO
ECON
ECOR
ECOW
ECPG
ECVT
ECX
ED
EDAP
EDBL
EDC
EDD
EDEN
EDF
EDGE
EDGF
EDGH
EDGI
EDGU
EDHL
EDIT
EDIV
EDN
EDOG
EDOW
EDRY
EDSA
EDTK
EDU
EDUC
EDV
EDZ
EE
EEA
EEFT
EEIQ
EELV
EEM
EEMA
EEMO
EEMS
EEMV
EEMX
EES
EET
EETH
EEV
EEX
EFA
EFAA
EFAD
EFAS
EFAV
EFAX
EFC
EFFE
EFFI
EFG
EFIV
EFNL
EFO
EFOI
EFR
EFRA
EFSC
EFSI
EFT
EFU
EFV
EFX
EFXT
EFZ
EG
EGAN
EGBN
EGGQ
EGGS
EGGY
EGHT
EGLE
EGO
EGP
EGUS
EGY
EH
EHAB
EHC
EHGO
EHI
EHLD
EHLS
EHTH
EIC
EICA
EICB
EICC
EIDO
EIG
EIIA
EIM
EINC
EIPI
EIPX
EIRL
EIS
EIX
EJAN
EJUL
EKG
EKSO
EL
ELA
ELAB
ELAN
ELBM
ELC
ELCV
ELD
ELDN
ELEV
ELF
ELFY
ELIL
ELIS
ELLO
ELM
ELMD
ELME
ELON
ELP
ELPC
ELPW
ELQD
ELS
ELSE
ELTK
ELTX
ELUT
ELV
ELVA
ELVN
ELWS
EM
EMA
EMB
EMBC
EMBD
EMC
EMCB
EMCG
EMCR
EMCS
EMD
EMDM
EMDV
EME
EMEQ
EMES
EMF
EMGF
EMHC
EMHY
EMIF
EML
EMLC
EMLP
EMM
EMMF
EMN
EMNT
EMO
EMOT
EMP
EMPB
EMQQ
EMR
EMSF
EMTL
EMTY
EMX
EMXC
EMXF
ENB
ENDW
ENFR
ENFY
ENGN
ENGS
ENIC
ENJ
ENLT
ENLV
ENO
ENOR
ENOV
ENPH
ENR
ENS
ENSC
ENSG
ENTA
ENTG
ENTO
ENTX
ENVA
ENVB
ENVX
ENX
ENZL
EOCT
EOD
EOG
EOI
EOLS
EONR
EOS
EOSE
EOT
EP
EPAC
EPAM
EPC
EPD
EPEM
EPHE
EPI
EPIN
EPIX
EPM
EPMB
EPMV
EPOL
EPOW
EPP
EPR
EPRF
EPRT
EPRX
EPS
EPSB
EPSM
EPSN
EPSV
EPU
EPV
EPWK
EQ
EQAL
EQBK
EQH
EQIN
EQIX
EQL
EQLT
EQNR
EQR
EQRR
EQS
EQT
EQTY
EQV
EQWL
EQX
ERAS
ERC
ERET
ERH
ERIC
ERIE
ERII
ERJ
ERNA
ERNZ
ERO
ERTH
ERX
ERY
ES
ESAB
ESBA
ESCA
ESE
ESEA
ESG
ESGD
ESGE
ESGG
ESGL
ESGR
ESGU
ESGV
ESHA
ESI
ESIX
ESLA
ESLT
ESML
ESMV
ESN
ESNT
ESOA
ESP
ESPO
ESPR
ESQ
ESRT
ESS
ESSA
ESTA
ESTC
ET
ETB
ETD
ETEC
ETG
ETH
ETHA
ETHD
ETHE
ETHO
ETHT
ETHU
ETHV
ETHW
ETJ
ETN
ETNB
ETO
ETON
ETOR
ETQ
ETR
ETSY
ETU
ETV
ETW
ETWO
ETX
ETY
EU
EUAD
EUDA
EUDG
EUDV
EUFN
EUM
EUO
EURK
EURL
EUSA
EUSB
EUSM
EVAV
EVAX
EVC
EVCM
EVER
EVEX
EVF
EVG
EVGN
EVGO
EVH
EVHY
EVI
EVIM
EVLN
EVLU
EVLV
EVM
EVMT
EVN
EVNT
EVO
EVOK
EVR
EVRG
EVRI
EVSB
EVSD
EVSM
EVT
EVTC
EVTL
EVTR
EVTV
EVUS
EVV
EVX
EVYM
EW
EWA
EWBC
EWC
EWCZ
EWD
EWG
EWH
EWI
EWJ
EWJV
EWK
EWL
EWM
EWN
EWO
EWP
EWQ
EWS
EWT
EWTX
EWU
EWUS
EWV
EWW
EWX
EWY
EWZ
EWZS
EXAS
EXC
EXE
EXEL
EXFY
EXG
EXI
EXK
EXLS
EXOD
EXOZ
EXP
EXPD
EXPE
EXPI
EXPO
EXR
EXTR
EYE
EYEG
EYEN
EYLD
EYPT
EZA
EZBC
EZET
EZGO
EZJ
EZM
EZPW
EZPZ
EZU
F
FA
FAAR
FAAS
FAB
FACT
FAD
FAF
FAI
FALN
FAMI
FAN
FANG
FAPR
FARM
FARO
FARX
FAS
FAST
FAT
FATE
FATN
FAUG
FAX
FAZ
FBCG
FBCV
FBGL
FBIN
FBIO
FBIZ
FBK
FBL
FBLA
FBLG
FBNC
FBND
FBOT
FBP
FBRT
FBRX
FBT
FBTC
FBUF
FBY
FBYD
FBZ
FC
FCA
FCAL
FCAP
FCBC
FCBD
FCCO
FCEF
FCEL
FCF
FCFS
FCFY
FCG
FCLD
FCN
FCO
FCOM
FCOR
FCPI
FCPT
FCRX
FCSH
FCT
FCTE
FCTR
FCUS
FCUV
FCVT
FCX
FDAT
FDBC
FDCE
FDCF
FDD
FDEC
FDEM
FDEV
FDFF
FDG
FDGR
FDHT
FDHY
FDIF
FDIG
FDIS
FDIV
FDL
FDLO
FDLS
FDM
FDMO
FDMT
FDN
FDND
FDNI
FDP
FDRR
FDRV
FDS
FDSB
FDT
FDTB
FDTS
FDTX
FDUS
FDV
FDVL
FDVV
FDWM
FDX
FE
FEAC
FEAM
FEAT
FEBM
FEBO
FEBP
FEBT
FEBU
FEBW
FEBZ
FEDM
FEDU
FEGE
FEIG
FEIM
FELC
FELE
FELG
FELV
FEM
FEMB
FEMR
FEMS
FEMY
FENC
FENG
FENI
FENY
FEOE
FEP
FEPI
FER
FERA
FERG
FESM
FET
FETH
FEUS
FEUZ
FEX
FEZ
FF
FFA
FFAI
FFBC
FFC
FFDI
FFEB
FFEM
FFGX
FFIC
FFIN
FFIU
FFIV
FFLC
FFLG
FFLS
FFLV
FFND
FFOG
FFOX
FFSM
FFTY
FFUT
FFWM
FG
FGB
FGBI
FGD
FGDL
FGEN
FGF
FGI
FGL
FGM
FGMC
FGN
FGSM
FGSN
FHB
FHDG
FHEQ
FHI
FHLC
FHN
FHTX
FHYS
FI
FIAT
FIAX
FIBK
FIBR
FICO
FICS
FID
FIDI
FIDU
FIGB
FIGS
FIHL
FIIG
FILL
FINE
FINS
FINT
FINV
FINW
FINX
FIP
FIRI
FIRS
FIS
FISI
FISK
FISR
FITB
FITE
FIVA
FIVE
FIVN
FIVY
FIW
FIX
FIXD
FIXP
FIZZ
FJAN
FJP
FJUL
FJUN
FKU
FKWL
FL
FLAG
FLAO
FLAU
FLAX
FLBL
FLBR
FLC
FLCA
FLCB
FLCC
FLCE
FLCG
FLCH
FLCO
FLCV
FLD
FLDB
FLDR
FLDZ
FLEE
FLEU
FLEX
FLG
FLGB
FLGC
FLGR
FLGT
FLGV
FLHK
FLHY
FLIA
FLIN
FLJH
FLJJ
FLJP
FLKR
FLL
FLLA
FLMB
FLMI
FLMX
FLN
FLNC
FLNG
FLNT
FLO
FLOC
FLOT
FLOW
FLQL
FLQM
FLQS
FLR
FLRG
FLRN
FLRT
FLS
FLSA
FLSP
FLSW
FLTB
FLTR
FLTW
FLUD
FLUT
FLUX
FLV
FLWS
FLX
FLXR
FLXS
FLYD
FLYE
FLYU
FLYW
FLYX
FLYY
FMAG
FMAO
FMAR
FMAT
FMAY
FMB
FMBH
FMC
FMCE
FMCX
FMDE
FMED
FMET
FMF
FMHI
FMKT
FMN
FMNB
FMNY
FMQQ
FMS
FMST
FMTM
FMTO
FMUB
FMUN
FMX
FMY
FN
FNB
FNCL
FND
FNDA
FNDB
FNDC
FNDE
FNDF
FNDX
FNF
FNGB
FNGD
FNGG
FNGO
FNGR
FNGS
FNK
FNKO
FNLC
FNOV
FNV
FNWB
FNWD
FNX
FNY
FOA
FOCT
FOF
FOLD
FONR
FOPC
FOR
FORA
FORD
FORH
FORL
FORM
FORR
FOSL
FOUR
FOVL
FOWF
FOX
FOXA
FOXF
FOXO
FOXX
FOXY
FPA
FPAG
FPAS
FPAY
FPE
FPEI
FPF
FPFD
FPH
FPI
FPRO
FPX
FPXE
FPXI
FQAL
FR
FRA
FRAF
FRBA
FRD
FRDM
FREL
FRGE
FRGT
FRHC
FRI
FRME
FRNW
FRO
FROG
FRPH
FRPT
FRSH
FRST
FRSX
FRT
FRTY
FSBC
FSBD
FSBW
FSCC
FSCO
FSCS
FSEA
FSEC
FSEP
FSFG
FSGS
FSHP
FSI
FSIG
FSK
FSLD
FSLR
FSLY
FSM
FSMB
FSMD
FSP
FSS
FSST
FSTA
FSTR
FSUN
FSV
FSYD
FSZ
FT
FTA
FTAG
FTAI
FTBD
FTBI
FTC
FTCB
FTCE
FTCI
FTCS
FTDR
FTDS
FTEC
FTEK
FTF
FTFT
FTGC
FTGS
FTHF
FTHI
FTHM
FTHY
FTI
FTIF
FTK
FTKI
FTLF
FTLS
FTNT
FTQI
FTRB
FTRE
FTRI
FTRK
FTS
FTSD
FTSL
FTSM
FTV
FTWO
FTXG
FTXH
FTXL
FTXN
FTXO
FTXR
FUBO
FUFU
FUL
FULC
FULT
FUMB
FUN
FUNC
FUND
FUNL
FURY
FUSB
FUSI
FUTU
FUTY
FV
FVAL
FVC
FVCB
FVD
FVN
FVR
FVRR
FWD
FWRD
FWRG
FXA
FXB
FXC
FXD
FXE
FXED
FXF
FXG
FXH
FXI
FXL
FXN
FXNC
FXO
FXP
FXR
FXU
FXY
FXZ
FYBR
FYC
FYEE
FYLD
FYT
FYX
G
GAA
GAB
GABC
GABF
GAEM
GAIA
GAIN
GAL
GALT
GAM
GAMB
GAME
GAMR
GANX
GAP
GAPR
GARP
GASS
GAST
GATX
GAU
GAUG
GAUZ
GB
GBAB
GBCI
GBDC
GBF
GBFH
GBIL
GBIO
GBLD
GBLI
GBR
GBTC
GBTG
GBUG
GBUY
GBX
GBXA
GBXB
GBXC
GCAD
GCAL
GCBC
GCC
GCI
GCL
GCMG
GCO
GCOR
GCOW
GCT
GCTK
GCTS
GCV
GD
GDDY
GDE
GDEC
GDEN
GDEV
GDHG
GDIV
GDL
GDMA
GDMN
GDO
GDOC
GDOT
GDRX
GDS
GDTC
GDV
GDX
GDXD
GDXJ
GDXU
GDXY
GDYN
GE
GECC
GEF
GEG
GEHC
GEL
GELS
GEM
GEMD
GEME
GEN
GENC
GEND
GENI
GENK
GENM
GENT
GENW
GEO
GEOS
GERN
GES
GETY
GEV
GEVO
GF
GFAI
GFEB
GFF
GFGF
GFI
GFL
GFLW
GFR
GFS
GGAL
GGB
GGG
GGLL
GGLS
GGM
GGME
GGN
GGR
GGRW
GGT
GGUS
GGZ
GH
GHC
GHG
GHI
GHLD
GHM
GHMS
GHRS
GHTA
GHY
GHYB
GHYG
GIAX
GIB
GIBO
GIC
GIFI
GIFT
GIG
GIGB
GIGM
GII
GIII
GIL
GILD
GILT
GIND
GINN
GINX
GIPR
GIS
GITS
GJAN
GJH
GJO
GJP
GJR
GJS
GJT
GJUL
GJUN
GK
GKOS
GL
GLAD
GLBE
GLBL
GLBS
GLBZ
GLCR
GLD
GLDD
GLDG
GLDI
GLDM
GLDY
GLE
GLIN
GLL
GLMD
GLNG
GLO
GLOB
GLOF
GLOV
GLOW
GLP
GLPG
GLPI
GLQ
GLRE
GLRY
GLSI
GLTO
GLTR
GLU
GLUE
GLV
GLW
GLXG
GLXY
GM
GMAB
GMAR
GMAY
GME
GMED
GMET
GMEU
GMF
GMGI
GMHS
GMM
GMMA
GMMF
GMNY
GMOI
GMOM
GMOV
GMRE
GMS
GMUB
GMUN
GNE
GNFT
GNK
GNL
GNLN
GNLX
GNMA
GNOM
GNOV
GNPX
GNR
GNRC
GNS
GNSS
GNT
GNTA
GNTX
GNTY
GNW
GO
GOAU
GOCO
GOCT
GOEX
GOF
GOGL
GOGO
GOLF
GOLY
GOOD
GOOG
GOOP
GOOS
GOOX
GOOY
GOP
GORO
GORV
GOSS
GOTU
GOVI
GOVT
GOVX
GOVZ
GP
GPAT
GPC
GPCR
GPI
GPIQ
GPIX
GPJA
GPK
GPMT
GPN
GPOR
GPRE
GPRF
GPRK
GPRO
GPTY
GPUS
GPZ
GQI
GQQQ
GQRE
GRAB
GRAF
GRAL
GRBK
GRC
GRCE
GRDN
GREE
GREK
GRF
GRFS
GRI
GRID
GRMN
GRN
GRNB
GRND
GRNQ
GRNT
GRNY
GRO
GROV
GROW
GROY
GROZ
GRPM
GRPN
GRPZ
GRRR
GRVY
GRW
GRWG
GRX
GRYP
GS
GSAT
GSBC
GSBD
GSC
GSEE
GSEP
GSEU
GSEW
GSFP
GSG
GSHD
GSHR
GSIB
GSID
GSIE
GSIG
GSIT
GSIW
GSJY
GSK
GSKH
GSL
GSLC
GSM
GSPY
GSRT
GSSC
GSST
GSUN
GSUS
GSY
GT
GTBP
GTE
GTEC
GTEK
GTES
GTI
GTIM
GTIP
GTLB
GTLS
GTM
GTN
GTO
GTOS
GTR
GTX
GTY
GUG
GUMI
GUNR
GURE
GURU
GUSA
GUSH
GUT
GUTS
GV
GVA
GVAL
GVH
GVI
GVIP
GVLU
GVUS
GWAV
GWH
GWRE
GWRS
GWW
GWX
GXAI
GXC
GXDW
GXG
GXO
GXUS
GYLD
GYRE
GYRO
H
HACK
HAE
HAFC
HAFN
HAIL
HAIN
HAL
HALO
HAO
HAP
HAPI
HAPS
HAPY
HARD
HART
HAS
HASI
HAUS
HAUZ
HAWX
HAYW
HBAN
HBB
HBCP
HBDC
HBI
HBIO
HBM
HBNC
HBT
HBTA
HBTC
HCA
HCAI
HCAT
HCC
HCI
HCKT
HCM
HCMT
HCOM
HCOW
HCRB
HCSG
HCTI
HCWB
HCWC
HCXY
HD
HDB
HDEF
HDG
HDGE
HDL
HDLB
HDMV
HDSN
HDUS
HDV
HE
HEAL
HEAT
HECO
HEDJ
HEEM
HEFA
HEGD
HEI
HEJD
HELE
HELO
HELX
HEPS
HEQ
HEQQ
HEQT
HERD
HERO
HES
HESM
HEWJ
HEZU
HF
HFBL
HFFG
HFGM
HFGO
HFND
HFRO
HFSI
HFSP
HFWA
HFXI
HG
HGBL
HGER
HGLB
HGRO
HGTY
HGV
HHH
HHS
HI
HIBL
HIBS
HIDE
HIDV
HIFS
HIG
HIGH
HIHO
HII
HIMS
HIMU
HIMX
HIMZ
HIO
HIPO
HIPS
HISF
HIT
HITI
HIVE
HIW
HIX
HIYS
HJUL
HKD
HKND
HKPD
HL
HLAL
HLF
HLGE
HLI
HLIO
HLIT
HLLY
HLMN
HLN
HLNE
HLT
HLVX
HLX
HLXB
HMC
HMN
HMOP
HMR
HMST
HMY
HNDL
HNGE
HNI
HNNA
HNRG
HNST
HNVR
HNW
HOCT
HODL
HOFT
HOFV
HOG
HOLX
HOMB
HOMZ
HON
HOND
HONE
HOOD
HOOG
HOOK
HOOX
HOOY
HOPE
HOTH
HOUR
HOUS
HOV
HOVR
HOWL
HP
HPAI
HPE
HPF
HPI
HPK
HPP
HPQ
HPS
HQGO
HQH
HQI
HQL
HQY
HR
HRB
HRI
HRL
HRMY
HROW
HRTG
HRTS
HRTX
HRZN
HSAI
HSBC
HSBH
HSCS
HSCZ
HSDT
HSHP
HSIC
HSII
HSMV
HSON
HSPO
HSPT
HST
HSTM
HSY
HTAB
HTAX
HTB
HTBK
HTCO
HTCR
HTD
HTEC
HTFB
HTFC
HTGC
HTH
HTHT
HTLD
HTLM
HTO
HTOO
HTRB
HTUS
HTZ
HUBB
HUBC
HUBG
HUBS
HUHU
HUIZ
HUM
HUMA
HUN
HURA
HURC
HURN
HUSA
HUSV
HUT
HUYA
HVAC
HVII
HVT
HWAY
HWBK
HWC
HWH
HWKN
HWM
HWSM
HXHX
HXL
HY
HYAC
HYBB
HYBI
HYBL
HYBX
HYD
HYDB
HYDR
HYDW
HYEM
HYFI
HYG
HYGH
HYGI
HYGV
HYGW
HYHG
HYI
HYIN
HYKE
HYLB
HYLN
HYLS
HYMB
HYMC
HYPR
HYRM
HYS
HYSA
HYSD
HYT
HYTI
HYTR
HYUP
HYXF
HYXU
HYZD
HZO
IAC
IAE
IAF
IAG
IAGG
IAI
IAK
IAPR
IART
IAS
IAT
IAU
IAUG
IAUI
IAUM
IAUX
IBAC
IBAT
IBB
IBBQ
IBCA
IBCP
IBD
IBDQ
IBDR
IBDS
IBDT
IBDU
IBDV
IBDW
IBDX
IBDY
IBDZ
IBEX
IBG
IBGA
IBGB
IBGK
IBGL
IBHE
IBHF
IBHG
IBHH
IBHI
IBHJ
IBHK
IBHL
IBIB
IBIC
IBID
IBIE
IBIF
IBIG
IBIH
IBII
IBIJ
IBIK
IBIL
IBIO
IBIT
IBKR
IBLC
IBM
IBMN
IBMO
IBMP
IBMQ
IBMR
IBMS
IBMT
IBN
IBND
IBO
IBOC
IBOT
IBP
IBRN
IBRX
IBTA
IBTF
IBTG
IBTH
IBTI
IBTJ
IBTK
IBTL
IBTM
IBTO
IBTP
IBTQ
IBUF
IBUY
ICAD
ICAP
ICCC
ICCM
ICE
ICF
ICFI
ICG
ICHR
ICL
ICLN
ICLO
ICLR
ICMB
ICOI
ICON
ICOP
ICOW
ICSH
ICU
ICUI
ICVT
IDA
IDAI
IDAT
IDCC
IDE
IDEC
IDEF
IDEV
IDGT
IDHQ
IDLV
IDMO
IDN
IDNA
IDOG
IDR
IDRV
IDT
IDU
IDUB
IDV
IDVO
IDVZ
IDX
IDXX
IDYA
IE
IEDI
IEF
IEFA
IEI
IEMG
IEO
IEP
IEQ
IESC
IETC
IEUR
IEUS
IEV
IEX
IEZ
IFBD
IFEB
IFED
IFF
IFGL
IFN
IFRA
IFRX
IFS
IFV
IG
IGA
IGBH
IGC
IGCB
IGD
IGE
IGEB
IGF
IGHG
IGI
IGIB
IGIC
IGLB
IGLD
IGM
IGME
IGMS
IGOV
IGPT
IGR
IGRO
IGSB
IGT
IGTR
IGV
IH
IHAK
IHD
IHDG
IHE
IHF
IHG
IHI
IHRT
IHS
IHT
IHY
IHYF
IIF
IIGD
III
IIIN
IIIV
IIM
IINN
IIPR
IJAN
IJH
IJJ
IJK
IJR
IJS
IJT
IJUL
IJUN
IKNA
IKT
ILCB
ILCG
ILCV
ILDR
ILF
ILIT
ILLR
ILMN
ILOW
ILPT
ILS
ILTB
IMAB
IMAR
IMAX
IMAY
IMCB
IMCC
IMCG
IMCR
IMCV
IMF
IMFL
IMG
IMMP
IMMR
IMMX
IMNM
IMNN
IMO
IMOM
IMOS
IMPP
IMRA
IMRN
IMRX
IMST
IMTB
IMTE
IMTM
IMTX
IMUX
IMVT
IMXI
INAB
INBK
INBS
INBX
INCE
INCM
INCO
INCR
INCY
INDA
INDB
INDE
INDF
INDH
INDI
INDL
INDO
INDP
INDS
INDV
INDY
INEO
INEQ
INFA
INFL
INFO
INFR
INFU
INFY
ING
INGM
INGN
INGR
INHD
INKM
INKT
INLF
INLX
INM
INMB
INMD
INMU
INN
INNV
INO
INOD
INOV
INQQ
INR
INRO
INSE
INSG
INSM
INSP
INSW
INTA
INTC
INTF
INTG
INTJ
INTL
INTR
INTS
INTT
INTU
INTW
INTZ
INUV
INV
INVA
INVE
INVG
INVH
INVN
INVX
INVZ
INZY
IOBT
IOCT
ION
IONL
IONQ
IONR
IONS
IONX
IOO
IOPP
IOR
IOSP
IOT
IOTR
IOVA
IP
IPA
IPAC
IPAR
IPAV
IPAY
IPB
IPDN
IPDP
IPG
IPGP
IPHA
IPI
IPKW
IPM
IPO
IPOD
IPOS
IPPP
IPSC
IPW
IPWR
IPX
IQ
IQDF
IQDG
IQDY
IQHI
IQI
IQLT
IQM
IQQQ
IQRA
IQSI
IQSM
IQST
IQSU
IQV
IR
IRBT
IRD
IRDM
IREN
IRET
IRIX
IRM
IRMD
IROC
IROH
IRON
IROQ
IRS
IRT
IRTC
IRTR
IRVH
IRWD
ISBA
ISCB
ISCF
ISCG
ISCV
ISD
ISEP
ISHG
ISHP
ISMD
ISMF
ISOU
ISPC
ISPO
ISPR
ISPY
ISRA
ISRG
ISRL
ISSC
ISTB
ISTR
ISVL
ISWN
IT
ITA
ITAN
ITB
ITDB
ITDC
ITDD
ITDE
ITDF
ITDG
ITDH
ITDI
ITDJ
ITEQ
ITGR
ITIC
ITM
ITOS
ITOT
ITP
ITRG
ITRI
ITRM
ITRN
ITT
ITUB
ITW
ITWO
IUS
IUSB
IUSG
IUSV
IVA
IVAL
IVDA
IVE
IVEG
IVES
IVF
IVLU
IVOG
IVOL
IVOO
IVOV
IVP
IVR
IVRA
IVRS
IVT
IVV
IVVB
IVVD
IVVM
IVVW
IVW
IVZ
IWB
IWC
IWD
IWDL
IWF
IWFG
IWFL
IWL
IWLG
IWM
IWMI
IWML
IWMW
IWMY
IWN
IWO
IWP
IWR
IWS
IWTR
IWV
IWX
IWY
IX
IXC
IXG
IXHL
IXJ
IXN
IXP
IXUS
IYC
IYE
IYF
IYG
IYH
IYJ
IYK
IYLD
IYM
IYR
IYRI
IYT
IYW
IYY
IYZ
IZEA
IZRL
J
JAAA
JACK
JACS
JADE
JAGX
JAJL
JAKK
JAMF
JANH
JANJ
JANM
JANP
JANT
JANU
JANW
JANX
JANZ
JAPN
JAVA
JAZZ
JBBB
JBGS
JBHT
JBI
JBIO
JBK
JBL
JBLU
JBND
JBSS
JBTM
JCE
JCHI
JCI
JCPB
JCPI
JCTC
JCTR
JD
JDIV
JDOC
JDST
JDVI
JDZG
JEF
JELD
JEM
JEMA
JEMB
JEPI
JEPQ
JEQ
JETD
JETS
JETU
JFB
JFBR
JFIN
JFLI
JFR
JFU
JG
JGH
JGLO
JGRO
JGRW
JHAC
JHCB
JHCP
JHCR
JHDV
JHEM
JHG
JHHY
JHI
JHID
JHMB
JHMD
JHML
JHMM
JHMU
JHPI
JHS
JHSC
JHX
JIG
JIII
JILL
JIRE
JIVE
JJSF
JKHY
JKS
JL
JLL
JLQD
JLS
JMBS
JMEE
JMHI
JMIA
JMID
JMM
JMOM
JMSB
JMSI
JMST
JMUB
JNEU
JNJ
JNK
JNPR
JNUG
JOB
JOBY
JOE
JOET
JOF
JOJO
JOUT
JOYY
JPAN
JPC
JPEF
JPEM
JPI
JPIB
JPIE
JPIN
JPLD
JPM
JPMB
JPME
JPMO
JPRE
JPSE
JPST
JPSV
JPUS
JPXN
JPY
JQC
JQUA
JRE
JRI
JRS
JRSH
JRVR
JSCP
JSI
JSM
JSMD
JSML
JSPR
JSTC
JTAI
JTEK
JUCY
JULD
JULH
JULJ
JULM
JULP
JULQ
JULT
JULU
JULW
JULZ
JUNM
JUNP
JUNS
JUNT
JUNW
JUNZ
JUSA
JUST
JVA
JVAL
JVSA
JWEL
JXG
JXI
JXN
JXX
JYD
JYNT
JZXN
K
KAI
KALA
KALU
KALV
KAPA
KAPR
KAR
KARO
KARS
KAUG
KAVL
KB
KBA
KBAB
KBDC
KBE
KBH
KBR
KBSX
KBUF
KBWB
KBWD
KBWP
KBWR
KBWY
KC
KCAI
KCCA
KCE
KCSH
KD
KDEC
KDEF
KDP
KDRN
KE
KEAT
KEMQ
KEMX
KEN
KEP
KEQU
KEUA
KEX
KEY
KEYS
KF
KFEB
KFFB
KFII
KFRC
KFS
KFY
KG
KGC
KGEI
KGRN
KGS
KHC
KHPI
KHYB
KIDS
KIDZ
KIE
KIM
KIND
KINS
KIO
KIRK
KITT
KJAN
KJUL
KJUN
KKR
KKRS
KKRT
KLAC
KLC
KLG
KLIC
KLIP
KLMN
KLMT
KLRS
KLTO
KLTR
KLXE
KLXY
KMAR
KMAY
KMB
KMDA
KMI
KMID
KMLI
KMLM
KMPB
KMPR
KMT
KMTS
KMX
KN
KNCT
KNDI
KNF
KNG
KNGZ
KNO
KNOP
KNOV
KNOW
KNRG
KNSA
KNSL
KNTK
KNW
KNX
KO
KOCG
KOCT
KOD
KODK
KOF
KOID
KOKU
KOLD
KOMP
KONG
KOOL
KOP
KOPN
KORE
KORP
KORU
KOS
KOSS
KPDD
KPLT
KPRO
KPRX
KPTI
KQQQ
KR
KRBN
KRC
KRE
KREF
KRG
KRKR
KRMA
KRMD
KRMN
KRNT
KRNY
KRO
KRON
KROP
KROS
KRP
KRRO
KRT
KRUS
KRYS
KSA
KSCP
KSEP
KSPI
KSPY
KSS
KSTR
KT
KTB
KTCC
KTEC
KTF
KTH
KTN
KTOS
KTTA
KUKE
KULR
KURA
KURE
KVAC
KVHI
KVLE
KVUE
KVYO
KW
KWE
KWEB
KWM
KWR
KWT
KXI
KXIN
KYMR
KYN
KYTX
KZIA
KZR
L
LAB
LABD
LABU
LAC
LAD
LADR
LAES
LAKE
LALT
LAMR
LANC
LAND
LANV
LAPR
LAR
LARK
LASE
LASR
LAUR
LAW
LAYS
LAZ
LAZR
LB
LBAY
LBGJ
LBO
LBRT
LC
LCAP
LCDL
LCDS
LCF
LCFY
LCG
LCID
LCII
LCLG
LCNB
LCOW
LCR
LCTD
LCTU
LCTX
LCUT
LDDR
LDEM
LDER
LDI
LDOS
LDP
LDRC
LDRH
LDRI
LDRR
LDRT
LDRX
LDSF
LDTC
LDUR
LDWY
LE
LEA
LEAD
LECO
LEDS
LEE
LEG
LEGH
LEGN
LEGR
LEGT
LEMB
LEN
LENS
LENZ
LEO
LESL
LEU
LEVI
LEXI
LEXX
LFAE
LFAF
LFAI
LFAJ
LFAL
LFCR
LFEQ
LFGY
LFMD
LFSC
LFST
LFT
LFUS
LFVN
LFWD
LGCB
LGCF
LGCL
LGCY
LGDX
LGH
LGHL
LGHT
LGI
LGIH
LGL
LGLV
LGND
LGO
LGOV
LGPS
LGRO
LGVN
LH
LHSW
LHX
LI
LIAB
LIAC
LIAE
LIAJ
LICN
LIDR
LIEN
LIF
LII
LILA
LIMI
LIMN
LIN
LINC
LIND
LINE
LINK
LION
LIPO
LIQT
LIT
LITB
LITE
LITL
LITM
LITP
LIVE
LIVN
LIVR
LIXT
LJAN
LJUL
LKFN
LKOR
LKQ
LLDR
LLY
LLYX
LMAT
LMB
LMBO
LMBS
LMFA
LMND
LMNR
LMT
LMUB
LNC
LND
LNG
LNKB
LNKS
LNN
LNSR
LNT
LNTH
LNW
LNZA
LOAN
LOAR
LOB
LOBO
LOCL
LOCO
LOCT
LODE
LODI
LOGI
LOGO
LOKV
LOMA
LONZ
LOOP
LOPE
LOPP
LOT
LOUP
LOVE
LOW
LOWV
LPA
LPAA
LPBB
LPCN
LPG
LPL
LPLA
LPRE
LPRO
LPSN
LPTH
LPTX
LPX
LQAI
LQD
LQDA
LQDB
LQDH
LQDI
LQDT
LQDW
LQIG
LQPE
LQTI
LRCX
LRE
LRFC
LRGC
LRGE
LRGF
LRGG
LRHC
LRMR
LRN
LRND
LRNZ
LSAF
LSAK
LSAT
LSB
LSBK
LSCC
LSE
LSEA
LSEQ
LSF
LSGR
LSH
LSPD
LST
LSTA
LSTR
LSVD
LTBR
LTC
LTH
LTL
LTM
LTPZ
LTRN
LTRX
LTRY
LTTI
LU
LUCD
LUCK
LUCY
LUD
LULU
LUMN
LUNG
LUNR
LUV
LUX
LUXE
LVHD
LVHI
LVLU
LVO
LVRO
LVS
LVTX
LVWR
LW
LWAY
LWLG
LX
LXEH
LXEO
LXFR
LXP
LXRX
LXU
LYB
LYEL
LYFT
LYG
LYLD
LYRA
LYTS
LYV
LZ
LZB
LZM
LZMH
M
MA
MAA
MAAS
MAC
MACI
MADE
MAG
MAGA
MAGG
MAGN
MAGS
MAGX
MAGY
MAIA
MAIN
MAKX
MAMA
MAMB
MAMO
MAN
MANH
MANU
MAPP
MAPS
MAR
MARA
MARB
MARM
MARO
MART
MARU
MARW
MARZ
MAS
MASI
MASK
MASS
MAT
MATH
MATV
MATW
MATX
MAV
MAVF
MAX
MAXI
MAXJ
MAXN
MAYA
MAYM
MAYP
MAYS
MAYT
MAYU
MAYW
MAYZ
MAZE
MB
MBAV
MBB
MBBB
MBBC
MBC
MBCC
MBCN
MBI
MBIN
MBIO
MBLY
MBND
MBNE
MBOT
MBOX
MBRX
MBS
MBSD
MBSF
MBSX
MBUU
MBWM
MBX
MC
MCB
MCBS
MCD
MCDS
MCFT
MCH
MCHI
MCHP
MCHS
MCHX
MCI
MCK
MCN
MCO
MCR
MCRB
MCRI
MCRP
MCS
MCSE
MCTR
MCVT
MCW
MCY
MD
MDAI
MDB
MDBH
MDCX
MDEV
MDGL
MDIA
MDIV
MDLV
MDLZ
MDPL
MDRR
MDST
MDT
MDU
MDV
MDWD
MDXG
MDXH
MDY
MDYG
MDYV
MEAR
MEC
MED
MEDI
MEDP
MEDX
MEG
MEGI
MEI
MEIP
MELI
MEM
MEMS
MEMX
MEOH
MERC
MESA
MESO
MET
META
METC
METD
METU
METV
MEXX
MFA
MFAN
MFAO
MFC
MFDX
MFEM
MFG
MFH
MFI
MFIC
MFIN
MFLX
MFM
MFSB
MFSG
MFSI
MFSM
MFSV
MFUL
MFUS
MFUT
MG
MGA
MGC
MGEE
MGF
MGIC
MGIH
MGK
MGLD
MGM
MGMT
MGNI
MGNR
MGNX
MGOV
MGPI
MGR
MGRB
MGRC
MGRD
MGRE
MGRM
MGRO
MGRX
MGTX
MGV
MGX
MGY
MGYR
MHD
MHF
MHH
MHI
MHK
MHLA
MHN
MHNC
MHO
MHUA
MI
MID
MIDD
MIDE
MIDU
MIG
MIGI
MILK
MILN
MIMI
MIN
MIND
MINM
MINN
MINO
MINT
MINV
MIO
MIR
MIRA
MIRM
MISL
MIST
MITK
MITN
MITP
MITQ
MITT
MIY
MJ
MKAM
MKC
MKDW
MKL
MKOR
MKSI
MKTW
MKTX
MKZR
MLAB
MLAC
MLCO
MLDR
MLEC
MLI
MLKN
MLM
MLN
MLNK
MLP
MLPA
MLPB
MLPD
MLPR
MLPX
MLR
MLSS
MLTX
MLYS
MMA
MMAX
MMC
MMCA
MMD
MMI
MMIN
MMIT
MMKT
MMLG
MMLP
MMM
MMS
MMSC
MMSD
MMSI
MMT
MMTM
MMU
MMYT
MNA
MNBD
MNDO
MNDR
MNDY
MNKD
MNMD
MNOV
MNPR
MNR
MNRO
MNRS
MNSB
MNSO
MNST
MNTK
MNTL
MNTN
MNTS
MNY
MO
MOAT
MOB
MOBX
MOD
MODD
MODG
MODL
MODV
MOFG
MOGO
MOGU
MOH
MOLN
MOMO
MOO
MOOD
MORN
MORT
MOS
MOTE
MOTG
MOTI
MOTO
MOV
MOVE
MP
MPA
MPAA
MPB
MPC
MPLX
MPLY
MPRO
MPTI
MPU
MPV
MPW
MPWR
MPX
MQ
MQQQ
MQT
MQY
MRAL
MRAM
MRBK
MRC
MRCC
MRCP
MRCY
MREO
MRGR
MRIN
MRK
MRKR
MRM
MRNA
MRNO
MRNY
MRP
MRSK
MRSN
MRT
MRTN
MRUS
MRVI
MRVL
MRX
MS
MSA
MSAI
MSB
MSBI
MSC
MSCI
MSD
MSDD
MSDL
MSEX
MSFD
MSFL
MSFO
MSFT
MSFU
MSFX
MSFY
MSGE
MSGM
MSGS
MSI
MSIF
MSII
MSLC
MSM
MSMR
MSN
MSOS
MSOX
MSPR
MSSM
MSSS
MST
MSTB
MSTI
MSTP
MSTQ
MSTR
MSTU
MSTX
MSTY
MSTZ
MSW
MT
MTA
MTAL
MTB
MTBA
MTC
MTCH
MTD
MTDR
MTEK
MTEN
MTEX
MTG
MTGP
MTH
MTLS
MTN
MTNB
MTR
MTRA
MTRN
MTRX
MTSI
MTSR
MTUL
MTUM
MTUS
MTVA
MTW
MTX
MTZ
MU
MUA
MUB
MUC
MUD
MUE
MUFG
MUJ
MULL
MULN
MUNI
MUNY
MUR
MURA
MUSA
MUSE
MUSI
MUSQ
MUST
MUU
MUX
MVAL
MVBF
MVF
MVFD
MVFG
MVIS
MVLL
MVO
MVPA
MVPL
MVRL
MVST
MVT
MVV
MWA
MWG
MWYN
MX
MXC
MXCT
MXE
MXF
MXI
MXL
MYCF
MYCG
MYCH
MYCI
MYCJ
MYCK
MYCL
MYCM
MYCN
MYD
MYE
MYFW
MYGN
MYI
MYLD
MYMF
MYMG
MYMH
MYMI
MYMJ
MYN
MYND
MYNZ
MYO
MYPS
MYRG
MYSZ
MYY
MZZ
NA
NAAS
NABL
NAC
NACP
NAD
NAGE
NAII
NAIL
NAK
NAKA
NAMI
NAMM
NAMS
NAN
NANC
NANR
NAOV
NAPR
NAT
NATH
NATL
NATO
NATR
NAUG
NAUT
NAVI
NAZ
NB
NBB
NBBK
NBCC
NBCE
NBCM
NBCR
NBDS
NBET
NBFC
NBGX
NBH
NBHC
NBIS
NBIX
NBJP
NBN
NBOS
NBR
NBSD
NBSM
NBTB
NBTR
NBTX
NBXG
NBY
NC
NCA
NCDL
NCEW
NCI
NCIQ
NCL
NCLH
NCLO
NCMI
NCNA
NCNO
NCPB
NCPL
NCRA
NCSM
NCT
NCTY
NCV
NCZ
NDAA
NDAQ
NDEC
NDIA
NDIV
NDLS
NDMO
NDOW
NDRA
NDSN
NDVG
NE
NEA
NEAR
NECB
NEE
NEGG
NEHC
NEM
NEN
NEO
NEOG
NEON
NEOV
NEPH
NERD
NERV
NESR
NET
NETD
NETL
NEU
NEUE
NEUP
NEWP
NEWT
NEWZ
NEXA
NEXN
NEXT
NFBK
NFE
NFEB
NFG
NFGC
NFJ
NFLP
NFLT
NFLU
NFLX
NFLY
NFRA
NFTY
NFXL
NFXS
NG
NGD
NGG
NGL
NGNE
NGS
NGVC
NGVT
NHC
NHI
NHIC
NHS
NHTC
NHYM
NI
NIC
NICE
NIE
NIKL
NIM
NINE
NIO
NIPG
NISN
NITE
NITO
NIU
NIVF
NIXT
NIXX
NJAN
NJNK
NJR
NJUL
NJUN
NKE
NKSH
NKTR
NKTX
NKX
NL
NLOP
NLR
NLSP
NLY
NMAI
NMAR
NMAX
NMAY
NMB
NMCO
NMFC
NMG
NMI
NMIH
NML
NMM
NMR
NMRA
NMRK
NMS
NMT
NMTC
NMZ
NN
NNBR
NNDM
NNE
NNI
NNN
NNNN
NNOV
NNOX
NNVC
NNY
NOA
NOAH
NOBL
NOC
NOCT
NODE
NODK
NOEM
NOG
NOK
NOM
NOMD
NORW
NOTE
NOTV
NOV
NOVM
NOVP
NOVT
NOVZ
NOW
NPB
NPCE
NPCT
NPFD
NPFI
NPK
NPKI
NPO
NPV
NPWR
NQP
NRC
NRDS
NRDY
NREF
NRES
NRG
NRGD
NRGU
NRGV
NRIM
NRIX
NRK
NRO
NRP
NRSH
NRSN
NRT
NRUC
NRXP
NRXS
NSA
NSC
NSCR
NSCS
NSEP
NSI
NSIT
NSP
NSPR
NSSC
NSTS
NSYS
NTAP
NTB
NTCL
NTCT
NTES
NTGR
NTHI
NTIC
NTIP
NTLA
NTNX
NTR
NTRA
NTRB
NTRP
NTRS
NTSE
NTSI
NTST
NTSX
NTWK
NTWO
NTZ
NU
NUAG
NUBD
NUDM
NUDV
NUE
NUEM
NUGO
NUGT
NUHY
NUKK
NUKZ
NULC
NULG
NULV
NUMG
NUMI
NUMV
NURE
NUS
NUSA
NUSB
NUSC
NUTX
NUV
NUVB
NUVL
NUW
NUWE
NVA
NVAX
NVBT
NVBU
NVBW
NVCR
NVCT
NVD
NVDA
NVDD
NVDG
NVDL
NVDQ
NVDS
NVDU
NVDW
NVDX
NVDY
NVEC
NVEE
NVFY
NVG
NVGS
NVII
NVIR
NVMI
NVNI
NVNO
NVO
NVOH
NVOX
NVR
NVRI
NVS
NVST
NVT
NVTS
NVVE
NVX
NVYY
NWBI
NWE
NWFL
NWG
NWGL
NWL
NWLG
NWN
NWPX
NWS
NWSA
NWTG
NWTN
NX
NXC
NXDT
NXE
NXG
NXGL
NXJ
NXL
NXN
NXP
NXPI
NXPL
NXRT
NXST
NXT
NXTC
NXTE
NXTG
NXTI
NXXT
NYAX
NYC
NYF
NYMT
NYT
NYXH
NZAC
NZF
NZUS
O
OABI
OACC
OACP
OAEM
OAIM
OAKM
OAKU
OALC
OARK
OASC
OBDC
OBE
OBIL
OBIO
OBK
OBLG
OBND
OBOR
OBT
OC
OCC
OCCI
OCFC
OCFS
OCFT
OCG
OCGN
OCIO
OCS
OCSL
OCTD
OCTH
OCTJ
OCTM
OCTO
OCTP
OCTQ
OCTT
OCTU
OCTW
OCTZ
OCUL
OCX
ODC
ODD
ODDS
ODFL
ODP
ODV
ODYS
OEC
OEF
OESX
OEUR
OFAL
OFG
OFIX
OFLX
OFOS
OFS
OGCP
OGE
OGEN
OGI
OGIG
OGN
OGS
OGSP
OHI
OI
OIA
OIH
OII
OILD
OILK
OILT
OILU
OIS
OKE
OKLO
OKTA
OKUR
OKYO
OLB
OLED
OLLI
OLMA
OLN
OLO
OLP
OLPX
OM
OMAB
OMAH
OMC
OMCC
OMCL
OMDA
OMER
OMEX
OMF
OMFL
OMFS
OMI
OMSE
ON
ONB
ONC
ONCO
ONCY
OND
ONDS
ONEG
ONEO
ONEQ
ONEV
ONEW
ONEY
ONEZ
ONFO
ONIT
ONL
ONLN
ONMD
ONOF
ONON
ONTF
ONTO
OOMA
OOQB
OOSB
OOSP
OOTO
OP
OPAD
OPAL
OPBK
OPCH
OPEN
OPER
OPFI
OPHC
OPI
OPK
OPOF
OPP
OPPE
OPRA
OPRT
OPRX
OPT
OPTT
OPTX
OPTZ
OPXS
OPY
OR
ORA
ORC
ORCL
ORCX
ORGN
ORGO
ORI
ORIC
ORKA
ORKT
ORLA
ORLY
ORMP
ORN
ORR
ORRF
OS
OSBC
OSCR
OSCV
OSEA
OSIS
OSK
OSPN
OSRH
OSS
OSTX
OSUR
OSW
OTEX
OTF
OTIS
OTLK
OTLY
OTRK
OTTR
OUNZ
OUSA
OUSM
OUST
OUT
OVB
OVBC
OVF
OVID
OVL
OVLH
OVLY
OVM
OVS
OVT
OVV
OWL
OWLT
OWNB
OWNS
OXBR
OXLC
OXM
OXSQ
OXY
OZ
OZEM
OZK
PAA
PAAA
PAAS
PAB
PABD
PABU
PAC
PACB
PACK
PACS
PAG
PAGP
PAGS
PAHC
PAI
PAL
PALC
PALD
PALI
PALL
PALU
PAM
PAMC
PAMT
PANG
PANL
PANW
PAPI
PAPR
PAR
PARA
PARR
PASG
PATH
PATK
PATN
PAUG
PAVE
PAVM
PAWZ
PAX
PAXS
PAY
PAYC
PAYO
PAYS
PAYX
PB
PBA
PBAP
PBAU
PBBK
PBD
PBDC
PBDE
PBE
PBF
PBFB
PBFR
PBFS
PBH
PBHC
PBI
PBJ
PBJA
PBJL
PBJN
PBL
PBM
PBMR
PBMY
PBNV
PBOC
PBP
PBPB
PBQQ
PBR
PBSE
PBT
PBTP
PBUS
PBW
PBYI
PC
PCAR
PCB
PCCE
PCEF
PCEM
PCF
PCFI
PCG
PCGG
PCH
PCHI
PCIG
PCK
PCLA
PCLO
PCM
PCMM
PCN
PCOR
PCQ
PCRB
PCRX
PCSA
PCSC
PCT
PCTY
PCVX
PCY
PCYO
PD
PDBA
PDBC
PDCC
PDD
PDEC
PDEX
PDFS
PDI
PDLB
PDM
PDN
PDO
PDP
PDPA
PDS
PDSB
PDT
PDX
PDYN
PEB
PEBK
PEBO
PECO
PED
PEG
PEGA
PEJ
PELI
PEMX
PEN
PENG
PENN
PEO
PEP
PEPG
PEPS
PERF
PERI
PESI
PET
PETS
PETZ
PEVC
PEX
PEXL
PEY
PEZ
PFAI
PFBC
PFD
PFE
PFEB
PFF
PFFA
PFFD
PFFL
PFFR
PFFV
PFG
PFGC
PFH
PFI
PFIG
PFIS
PFIX
PFL
PFLD
PFLT
PFM
PFN
PFO
PFRL
PFS
PFSI
PFUT
PFX
PFXF
PG
PGC
PGEN
PGF
PGHY
PGJ
PGNY
PGP
PGR
PGRE
PGRO
PGX
PGY
PGZ
PH
PHAR
PHAT
PHB
PHD
PHDG
PHEQ
PHG
PHGE
PHH
PHI
PHIN
PHIO
PHK
PHLT
PHM
PHO
PHOE
PHR
PHT
PHUN
PHVS
PHX
PHYD
PHYL
PHYS
PI
PICB
PICK
PID
PIE
PIEQ
PIFI
PII
PIII
PILL
PIM
PIN
PINC
PINE
PINK
PINS
PIO
PIPE
PIPR
PIT
PIZ
PJAN
PJBF
PJFG
PJFM
PJFV
PJIO
PJP
PJT
PJUL
PJUN
PK
PKB
PKBK
PKE
PKG
PKOH
PKST
PKW
PKX
PL
PLAB
PLAG
PLAY
PLBC
PLBY
PLCE
PLD
PLDR
PLG
PLL
PLMK
PLMR
PLNT
PLOW
PLPC
PLRX
PLRZ
PLSE
PLTD
PLTG
PLTK
PLTM
PLTR
PLTU
PLTW
PLTY
PLTZ
PLUG
PLUR
PLUS
PLUT
PLX
PLXS
PLYA
PLYM
PM
PMAP
PMAR
PMAX
PMAY
PMBS
PMCB
PMEC
PMF
PMFB
PMIO
PMJA
PMJN
PML
PMM
PMMF
PMMR
PMMY
PMN
PMNT
PMO
PMT
PMTS
PMTU
PMTV
PMTW
PMVP
PMX
PN
PNBK
PNC
PNF
PNFP
PNI
PNNT
PNOV
PNQI
PNR
PNRG
PNTG
PNW
POAI
POCI
POCT
PODC
PODD
POET
POLA
POLE
PONY
POOL
POR
POST
POWA
POWI
POWL
POWW
PPA
PPBI
PPBT
PPC
PPEM
PPG
PPH
PPI
PPIE
PPIH
PPL
PPLT
PPSI
PPT
PPTA
PPTY
PQAP
PQDI
PQJA
PQJL
PQOC
PR
PRA
PRAA
PRAE
PRAX
PRAY
PRCH
PRCS
PRCT
PRDO
PRE
PREF
PRF
PRFD
PRFX
PRFZ
PRG
PRGO
PRGS
PRH
PRI
PRIM
PRIV
PRK
PRKS
PRLB
PRLD
PRM
PRMB
PRME
PRN
PRNT
PRO
PROF
PROK
PROP
PROV
PRPH
PRPL
PRPO
PRQR
PRS
PRSO
PRSU
PRT
PRTA
PRTC
PRTG
PRTH
PRTS
PRU
PRVA
PRVS
PRXG
PRXV
PRZO
PSA
PSBD
PSC
PSCC
PSCD
PSCE
PSCF
PSCH
PSCI
PSCJ
PSCM
PSCQ
PSCT
PSCU
PSCW
PSCX
PSDM
PSEC
PSEP
PSET
PSF
PSFD
PSFE
PSFF
PSFJ
PSFM
PSFO
PSH
PSHG
PSI
PSIG
PSIL
PSIX
PSK
PSL
PSLV
PSMD
PSMJ
PSMO
PSMR
PSMT
PSN
PSNL
PSNY
PSO
PSP
PSQ
PSQA
PSQH
PSQO
PSR
PST
PSTG
PSTL
PSTP
PSTR
PSTV
PSWD
PSX
PT
PTA
PTBD
PTC
PTCT
PTEC
PTEN
PTEU
PTF
PTGX
PTH
PTHL
PTIN
PTIR
PTIX
PTL
PTLC
PTLE
PTLO
PTMC
PTMN
PTNM
PTNQ
PTON
PTRB
PTY
PUBM
PUI
PUK
PULM
PULS
PULT
PUMP
PUSH
PUTD
PVAL
PVBC
PVH
PVI
PVL
PVLA
PW
PWB
PWER
PWOD
PWP
PWR
PWRD
PWS
PWV
PWZ
PX
PXE
PXF
PXH
PXI
PXJ
PXLW
PXS
PY
PYLD
PYN
PYPD
PYPG
PYPL
PYPY
PYT
PYXS
PYZ
PZA
PZC
PZG
PZT
PZZA
QABA
QAI
QARP
QAT
QBER
QBF
QBIG
QBTS
QBTX
QBUF
QBUL
QCAP
QCJA
QCJL
QCLN
QCLR
QCML
QCOC
QCOM
QCON
QCRH
QD
QDCC
QDEC
QDEF
QDEL
QDF
QDIV
QDPL
QDTE
QDTY
QDVO
QDWN
QEFA
QEMM
QETA
QETH
QFIN
QFLR
QGEN
QGRO
QGRW
QH
QHDG
QHY
QID
QIDX
QIG
QINT
QIPT
QIS
QJUN
QLC
QLD
QLGN
QLTA
QLTI
QLTY
QLV
QLVD
QLVE
QLYS
QMAG
QMAR
QMCO
QMFE
QMID
QMMM
QMMY
QMNV
QMOM
QNCX
QNRX
QNST
QNTM
QNXT
QOWZ
QPFF
QPX
QQA
QQDN
QQEW
QQH
QQHG
QQJG
QQLV
QQMG
QQQ
QQQA
QQQD
QQQE
QQQG
QQQH
QQQI
QQQJ
QQQM
QQQP
QQQS
QQQT
QQQU
QQQX
QQQY
QQUP
QQWZ
QQXT
QRFT
QRHC
QRMI
QRVO
QS
QSEA
QSG
QSI
QSIG
QSIX
QSML
QSPT
QSR
QTAP
QTEC
QTJA
QTJL
QTOC
QTOP
QTPI
QTR
QTRX
QTTB
QTUM
QTWO
QUAD
QUAL
QUBT
QUIK
QULL
QUP
QURE
QUS
QUSA
QUVU
QVAL
QVCC
QVCD
QVML
QVMM
QVMS
QVOY
QWLD
QXO
QXQ
QYLD
QYLG
R
RA
RAA
RAAQ
RAAX
RAC
RACE
RADX
RAFE
RAIL
RAIN
RAMP
RAND
RANG
RANI
RAPP
RAPT
RARE
RATE
RAVE
RAVI
RAY
RAYA
RAYC
RAYD
RAYE
RAYJ
RAYS
RBA
RBB
RBBN
RBC
RBIL
RBKB
RBLD
RBLU
RBLX
RBNE
RBOT
RBRK
RBUF
RC
RCAT
RCB
RCC
RCD
RCEL
RCG
RCGE
RCI
RCKT
RCKY
RCL
RCMT
RCON
RCS
RCT
RCUS
RDAC
RDCM
RDDT
RDFI
RDFN
RDGT
RDHL
RDI
RDIB
RDIV
RDN
RDNT
RDOG
RDTE
RDTL
RDTY
RDUS
RDVI
RDVT
RDVY
RDW
RDWR
RDY
RDZN
REAI
REAL
REAX
REBN
RECS
RECT
REE
REET
REFI
REFR
REG
REGL
REGN
REI
REIT
REK
REKR
REKT
RELI
RELL
RELX
RELY
REM
REMG
REMX
RENB
RENT
REPL
REPX
RERE
RES
RETL
RETO
REVB
REVG
REVS
REW
REX
REXR
REYN
REZ
REZI
RF
RFAI
RFCI
RFDA
RFDI
RFEM
RFEU
RFFC
RFG
RFI
RFIL
RFIX
RFL
RFLR
RFM
RFMZ
RFV
RGA
RGC
RGCO
RGEF
RGEN
RGLD
RGLO
RGLS
RGNX
RGP
RGR
RGS
RGT
RGTI
RGTX
RH
RHI
RHLD
RHP
RHRX
RHTX
RIBB
RICK
RIET
RIFR
RIG
RIGL
RIGS
RILA
RILY
RIME
RINC
RINF
RING
RINT
RIO
RIOT
RIOX
RISN
RISR
RITA
RITM
RITR
RIV
RIVN
RJF
RJMG
RKDA
RKLB
RKLX
RKT
RL
RLAY
RLGT
RLI
RLJ
RLMD
RLTY
RLX
RLY
RLYB
RM
RMAX
RMBI
RMBL
RMBS
RMCA
RMCF
RMCO
RMD
RMI
RMIF
RMM
RMMZ
RMNI
RMNY
RMOP
RMR
RMSG
RMT
RMTI
RNA
RNAC
RNAZ
RND
RNEM
RNEW
RNG
RNGR
RNIN
RNP
RNR
RNRG
RNST
RNTX
RNTY
RNW
RNWZ
RNXT
ROAD
ROAM
ROBN
ROBO
ROBT
ROCK
RODE
RODM
ROE
ROG
ROIS
ROIV
ROK
ROKT
ROKU
ROL
ROLR
ROM
ROMA
ROMO
ROOT
ROP
ROPE
RORO
ROSC
ROST
ROUS
RPAR
RPAY
RPD
RPG
RPHS
RPID
RPM
RPRX
RPT
RPTX
RPV
RQI
RR
RRBI
RRC
RRGB
RRR
RRX
RS
RSBA
RSBT
RSBY
RSDE
RSEE
RSF
RSG
RSHO
RSI
RSJN
RSKD
RSLS
RSMC
RSMR
RSMV
RSP
RSPA
RSPC
RSPD
RSPE
RSPF
RSPG
RSPH
RSPM
RSPN
RSPR
RSPS
RSPT
RSPU
RSSB
RSSE
RSSL
RSSS
RSST
RSSX
RSSY
RSVR
RTAC
RTAI
RTH
RTO
RTRE
RTX
RTXG
RULE
RUM
RUN
RUNN
RUSC
RVER
RVLV
RVMD
RVNL
RVNU
RVP
RVPH
RVRB
RVSB
RVSN
RVT
RVTY
RVYL
RWAY
RWJ
RWK
RWL
RWM
RWO
RWR
RWT
RWTN
RWTO
RWTP
RWX
RXD
RXI
RXL
RXO
RXRX
RXST
RXT
RY
RYAM
RYAN
RYDE
RYET
RYI
RYLD
RYLG
RYN
RYSE
RYTM
RZB
RZC
RZG
RZLT
RZLV
RZV
S
SA
SAA
SABA
SABR
SABS
SACH
SAEF
SAFE
SAFT
SAFX
SAGE
SAGP
SAGT
SAH
SAIA
SAIC
SAIH
SAIL
SAJ
SAM
SAMG
SAMM
SAMT
SAN
SANA
SAND
SANG
SANM
SANW
SAP
SAPH
SAR
SARK
SARO
SAT
SATL
SATO
SATS
SATX
SAUG
SAVA
SAWG
SAWS
SAY
SAZ
SB
SBAC
SBAR
SBB
SBC
SBCF
SBET
SBEV
SBFG
SBFM
SBGI
SBH
SBI
SBIO
SBIT
SBLK
SBND
SBR
SBRA
SBS
SBSI
SBSW
SBUX
SBXD
SCAP
SCC
SCCC
SCCD
SCCE
SCCF
SCCG
SCCO
SCCR
SCD
SCDL
SCDS
SCDV
SCEC
SCHA
SCHB
SCHC
SCHD
SCHE
SCHF
SCHG
SCHH
SCHI
SCHJ
SCHK
SCHL
SCHM
SCHO
SCHP
SCHQ
SCHR
SCHV
SCHW
SCHX
SCHY
SCHZ
SCI
SCIO
SCJ
SCKT
SCL
SCLX
SCLZ
SCM
SCMB
SCNI
SCNX
SCO
SCOR
SCPH
SCS
SCSC
SCUS
SCVL
SCWO
SCYB
SCYX
SCZ
SD
SDA
SDCI
SDCP
SDD
SDEM
SDFI
SDG
SDGR
SDHC
SDHI
SDHY
SDIV
SDM
SDOG
SDOT
SDOW
SDP
SDRL
SDS
SDSI
SDST
SDTY
SDVD
SDVY
SDY
SE
SEA
SEAT
SEB
SECR
SECT
SEDG
SEE
SEED
SEEM
SEER
SEF
SEG
SEI
SEIC
SEIE
SEIM
SEIQ
SEIS
SEIV
SEIX
SELF
SELV
SELX
SEM
SEMG
SEMI
SEMR
SENS
SEPM
SEPN
SEPP
SEPT
SEPU
SEPW
SEPZ
SER
SERA
SERV
SES
SETH
SETM
SEVN
SEZL
SF
SFB
SFBC
SFBS
SFD
SFEB
SFHG
SFIX
SFL
SFLO
SFLR
SFM
SFNC
SFST
SFWL
SFY
SFYF
SFYX
SG
SGA
SGBX
SGC
SGD
SGDJ
SGDM
SGHC
SGHT
SGI
SGLC
SGLY
SGMA
SGML
SGMO
SGMT
SGN
SGOL
SGOV
SGRP
SGRY
SGU
SGVT
SH
SHAG
SHAK
SHBI
SHC
SHCO
SHDG
SHE
SHEH
SHEL
SHEN
SHFS
SHG
SHIM
SHIP
SHLD
SHLS
SHM
SHMD
SHNY
SHO
SHOC
SHOO
SHOP
SHOT
SHPP
SHRT
SHRY
SHUS
SHV
SHW
SHY
SHYD
SHYF
SHYG
SHYL
SHYM
SIBN
SID
SIDU
SIEB
SIF
SIFI
SIFY
SIG
SIGA
SIGI
SIHY
SII
SIJ
SIL
SILA
SILC
SILJ
SILO
SIM
SIMA
SIMO
SIMS
SINT
SIO
SION
SIRI
SISI
SITC
SITE
SITM
SIVR
SIXA
SIXD
SIXF
SIXG
SIXH
SIXJ
SIXL
SIXO
SIXP
SIXS
SIXZ
SIZE
SJ
SJB
SJCP
SJLD
SJM
SJNK
SJT
SKBL
SKE
SKF
SKIL
SKIN
SKK
SKLZ
SKM
SKOR
SKRE
SKT
SKWD
SKX
SKY
SKYE
SKYH
SKYQ
SKYT
SKYU
SKYW
SKYX
SKYY
SLAB
SLB
SLDB
SLDP
SLDR
SLE
SLF
SLG
SLGL
SLGN
SLI
SLM
SLN
SLND
SLNG
SLNH
SLNO
SLNZ
SLP
SLQD
SLQT
SLRC
SLRX
SLS
SLSN
SLSR
SLV
SLVM
SLVO
SLVP
SLVR
SLX
SLXN
SLYG
SLYV
SM
SMA
SMAP
SMAX
SMAY
SMB
SMBC
SMBK
SMBS
SMC
SMCF
SMCI
SMCL
SMCO
SMCX
SMCY
SMCZ
SMDD
SMDV
SMDX
SMFG
SMG
SMH
SMHB
SMHI
SMHX
SMI
SMID
SMIG
SMIN
SMIZ
SMLF
SMLL
SMLR
SMLV
SMMD
SMMT
SMMU
SMMV
SMN
SMOG
SMOT
SMP
SMPL
SMR
SMRI
SMRT
SMSI
SMST
SMTC
SMTH
SMTI
SMTK
SMWB
SMX
SMXT
SN
SNA
SNAL
SNAP
SNAV
SNBR
SNCR
SNCY
SND
SNDA
SNDK
SNDL
SNDR
SNDX
SNES
SNEX
SNGX
SNN
SNOA
SNOU
SNOV
SNOW
SNOY
SNPD
SNPE
SNPG
SNPS
SNPV
SNPX
SNRE
SNSE
SNSR
SNT
SNTG
SNTH
SNTI
SNV
SNWV
SNX
SNY
SNYR
SO
SOAR
SOBO
SOBR
SOC
SOCL
SOFI
SOFR
SOFX
SOGP
SOHO
SOHU
SOJC
SOJD
SOJE
SOJF
SOL
SOLR
SOLT
SOLV
SOLZ
SON
SOND
SONM
SONN
SONO
SONY
SOPA
SOPH
SOR
SORA
SOS
SOTK
SOUL
SOUN
SOVF
SOWG
SOXL
SOXQ
SOXS
SOXX
SOXY
SOYB
SPAB
SPAI
SPAM
SPAQ
SPB
SPBC
SPBO
SPBU
SPBW
SPBX
SPC
SPCB
SPCE
SPCX
SPCY
SPCZ
SPD
SPDG
SPDN
SPDV
SPDW
SPE
SPEM
SPEU
SPFF
SPFI
SPG
SPGI
SPGM
SPGP
SPH
SPHB
SPHD
SPHL
SPHQ
SPHR
SPHY
SPIB
SPIN
SPIP
SPIR
SPKL
SPLB
SPLG
SPLV
SPMA
SPMB
SPMC
SPMD
SPMO
SPMV
SPNS
SPNT
SPOK
SPOT
SPPL
SPPP
SPR
SPRC
SPRE
SPRO
SPRU
SPRX
SPRY
SPSB
SPSC
SPSK
SPSM
SPT
SPTB
SPTE
SPTI
SPTL
SPTM
SPTN
SPTS
SPUC
SPUS
SPUT
SPUU
SPVM
SPVU
SPWH
SPWO
SPWR
SPXC
SPXE
SPXL
SPXN
SPXS
SPXT
SPXU
SPXV
SPXX
SPY
SPYA
SPYC
SPYD
SPYG
SPYH
SPYI
SPYQ
SPYT
SPYU
SPYV
SPYX
SQEW
SQFT
SQLV
SQM
SQMX
SQNS
SQQQ
SR
SRAD
SRBK
SRCE
SRDX
SRE
SREA
SRET
SRFM
SRG
SRHQ
SRHR
SRI
SRL
SRLN
SRM
SROI
SRPT
SRRK
SRS
SRTS
SRTY
SRV
SRVR
SRXH
SRZN
SSB
SSBI
SSBK
SSD
SSFI
SSG
SSII
SSKN
SSL
SSNC
SSO
SSP
SSPX
SSPY
SSRM
SSSS
SST
SSTI
SSTK
SSUS
SSXU
SSY
SSYS
ST
STAA
STAG
STAI
STAK
STAX
STBA
STBF
STC
STCE
STE
STEL
STEM
STEP
STEW
STFS
STG
STGW
STHH
STHO
STI
STIM
STIP
STK
STKH
STKL
STKS
STLA
STLD
STM
STN
STNC
STNE
STNG
STOK
STOT
STPZ
STR
STRA
STRD
STRF
STRK
STRL
STRM
STRO
STRR
STRS
STRT
STRV
STRW
STRZ
STSS
STT
STTK
STVN
STWD
STX
STXD
STXE
STXG
STXI
STXK
STXM
STXS
STXT
STXV
STZ
SU
SUB
SUGP
SUI
SUN
SUNE
SUNS
SUP
SUPL
SUPN
SUPP
SUPV
SUPX
SURE
SURG
SURI
SUSA
SUSB
SUSC
SUSL
SUUN
SUZ
SVA
SVAL
SVC
SVCC
SVCO
SVII
SVIX
SVM
SVOL
SVRA
SVRE
SVT
SVV
SVXY
SW
SWAG
SWAN
SWBI
SWIM
SWK
SWKH
SWKS
SWP
SWTX
SWVL
SWX
SWZ
SXC
SXI
SXQG
SXT
SXTC
SXTP
SY
SYBT
SYBX
SYF
SYFI
SYK
SYLD
SYM
SYNA
SYNB
SYNX
SYPR
SYRE
SYTA
SYY
SZK
SZNE
SZZL
T
TAC
TACH
TACK
TACO
TACT
TAFI
TAFL
TAFM
TAGG
TAGS
TAIL
TAIT
TAK
TAL
TALK
TALO
TAN
TAOP
TAP
TAPR
TARA
TARK
TARS
TASK
TATT
TAVI
TAX
TAXE
TAXF
TAXM
TAXX
TAYD
TBB
TBBB
TBBK
TBCH
TBF
TBFC
TBFG
TBG
TBH
TBI
TBIL
TBJL
TBLA
TBLD
TBLL
TBLU
TBMC
TBN
TBPH
TBRG
TBT
TBUX
TBX
TC
TCAF
TCAL
TCBI
TCBK
TCBS
TCBX
TCHI
TCHP
TCI
TCMD
TCOM
TCPB
TCPC
TCRT
TCRX
TCX
TD
TDAC
TDC
TDEC
TDF
TDG
TDI
TDIV
TDOC
TDS
TDSB
TDSC
TDTF
TDTH
TDTT
TDUP
TDV
TDVG
TDVI
TDW
TDY
TE
TEAD
TEAF
TEAM
TEC
TECB
TECH
TECK
TECL
TECS
TECX
TEF
TEI
TEK
TEKX
TEKY
TEL
TELA
TELO
TEM
TEMP
TEMT
TEMX
TEN
TENB
TENX
TEO
TEQI
TER
TERN
TESL
TEVA
TEX
TFC
TFI
TFII
TFIN
TFJL
TFLO
TFLR
TFNS
TFPM
TFPN
TFSA
TFSL
TFX
TG
TGB
TGE
TGEN
TGI
TGLR
TGLS
TGNA
TGRT
TGRW
TGS
TGT
TGTX
TH
THAR
THC
THCH
THD
THEQ
THFF
THG
THIR
THLV
THM
THMZ
THNQ
THNR
THO
THQ
THR
THRD
THRM
THRO
THRY
THS
THTA
THTX
THW
THY
THYF
TIC
TIGO
TIGR
TIL
TILE
TILL
TILT
TIMB
TIME
TINT
TINY
TIP
TIPT
TIPX
TIPZ
TIRX
TISI
TITN
TIVC
TIXT
TJAN
TJUL
TJX
TK
TKC
TKLF
TKNO
TKO
TKR
TLCI
TLF
TLH
TLK
TLN
TLPH
TLRY
TLS
TLSA
TLSI
TLT
TLTD
TLTE
TLTI
TLTP
TLTW
TLX
TLYS
TM
TMAR
TMAT
TMB
TMC
TMCI
TMDE
TMDV
TMDX
TME
TMED
TMET
TMF
TMFC
TMFE
TMFG
TMFM
TMFS
TMFX
TMH
TMHC
TMO
TMP
TMQ
TMSL
TMUS
TMV
TNA
TNC
TNDM
TNET
TNFA
TNGX
TNK
TNL
TNMG
TNON
TNXP
TNYA
TOAK
TOGA
TOI
TOK
TOKE
TOL
TOLL
TOLZ
TOMZ
TOON
TOPC
TOPP
TOPS
TOPT
TORO
TOST
TOTL
TOTR
TOUR
TOUS
TOV
TOVX
TOWN
TOYO
TPB
TPC
TPCS
TPET
TPG
TPH
TPHD
TPHE
TPIC
TPIF
TPL
TPLC
TPLE
TPLS
TPMN
TPOR
TPR
TPSC
TPST
TPTA
TPVG
TPYP
TPZ
TQQQ
TQQY
TR
TRAK
TRAW
TRC
TRDA
TREE
TREX
TRFK
TRFM
TRGP
TRI
TRIB
TRIN
TRIO
TRIP
TRMB
TRMD
TRMK
TRML
TRN
TRND
TRNO
TRNR
TRNS
TROO
TROW
TROX
TRP
TRPA
TRS
TRSG
TRST
TRSY
TRT
TRTX
TRTY
TRU
TRUE
TRUG
TRUP
TRV
TRVG
TRVI
TRX
TS
TSAT
TSBK
TSBX
TSCO
TSDD
TSE
TSEC
TSEL
TSEM
TSEP
TSHA
TSI
TSII
TSL
TSLA
TSLG
TSLL
TSLP
TSLQ
TSLR
TSLS
TSLT
TSLW
TSLX
TSLY
TSLZ
TSM
TSME
TSMG
TSMU
TSMX
TSMY
TSMZ
TSN
TSPA
TSPX
TSPY
TSQ
TSSI
TSYY
TT
TTAM
TTAN
TTC
TTD
TTE
TTEC
TTEK
TTEQ
TTGT
TTI
TTMI
TTNP
TTSH
TTT
TTWO
TU
TUA
TUG
TUGN
TUR
TURB
TURF
TURN
TUSB
TUSI
TUSK
TUYA
TV
TVA
TVAL
TVC
TVE
TVGN
TVRD
TVTX
TW
TWFG
TWG
TWI
TWIN
TWLO
TWM
TWN
TWNP
TWO
TWOD
TWOX
TWST
TX
TXG
TXMD
TXN
TXNM
TXO
TXRH
TXS
TXSS
TXT
TXUE
TXUG
TXXI
TY
TYA
TYD
TYG
TYGO
TYL
TYLD
TYLG
TYO
TYRA
TZA
TZOO
TZUP
U
UA
UAA
UAE
UAL
UAMY
UAN
UAPR
UAUG
UAVS
UBCP
UBER
UBFO
UBND
UBOT
UBR
UBRL
UBS
UBSI
UBT
UBX
UBXG
UCB
UCC
UCIB
UCL
UCO
UCON
UCRD
UCTT
UCYB
UDEC
UDI
UDIV
UDMY
UDN
UDOW
UDR
UE
UEC
UEIC
UEVM
UFCS
UFEB
UFG
UFI
UFIV
UFO
UFPI
UFPT
UG
UGA
UGE
UGI
UGL
UGP
UGRO
UHAL
UHG
UHS
UHT
UI
UIS
UITB
UIVM
UJAN
UJB
UJUL
UJUN
UK
UL
ULBI
ULCC
ULE
ULH
ULS
ULST
ULTA
ULTY
ULVM
ULY
UMAC
UMAR
UMAY
UMBF
UMC
UMDD
UMH
UMI
UMMA
UNB
UNCY
UNF
UNFI
UNG
UNH
UNIT
UNIY
UNL
UNM
UNMA
UNOV
UNP
UNTY
UOCT
UOKA
UONE
UP
UPAR
UPB
UPBD
UPC
UPGD
UPGR
UPLD
UPRO
UPS
UPSD
UPST
UPSX
UPV
UPW
UPWK
UPXI
URA
URAA
URAN
URBN
URE
URG
URGN
URI
URNJ
URNM
UROY
URTH
URTY
USA
USAC
USAF
USAI
USAR
USAS
USAU
USB
USCA
USCB
USCI
USCL
USD
USDU
USDX
USE
USEA
USEG
USEP
USFD
USFI
USFR
USG
USGO
USHY
USIG
USIN
USIO
USL
USLM
USM
USMC
USMF
USML
USMV
USNA
USNG
USNZ
USO
USOI
USOY
USPH
USPX
USRD
USRT
USSE
USSG
USSH
UST
USTB
USVM
USVN
USXF
UTEN
UTES
UTF
UTG
UTHR
UTHY
UTI
UTL
UTMD
UTRE
UTSI
UTSL
UTWO
UTWY
UTZ
UUP
UUU
UUUU
UVE
UVIX
UVSP
UVV
UVXY
UWM
UWMC
UX
UXAP
UXI
UXIN
UXJA
UXOC
UYG
UYLD
UYM
UYSC
UZD
UZE
UZF
V
VABK
VABS
VAC
VACH
VAL
VALE
VALN
VALQ
VALU
VAMO
VANI
VATE
VAW
VB
VBF
VBIL
VBIX
VBK
VBND
VBNK
VBR
VBTX
VC
VCEB
VCEL
VCIC
VCIG
VCIT
VCLN
VCLT
VCR
VCRB
VCRM
VCSH
VCTR
VCV
VCYT
VDC
VDE
VEA
VECO
VEEA
VEEE
VEEV
VEGA
VEGI
VEGN
VEL
VEMY
VENU
VEON
VERA
VERB
VERI
VERO
VERS
VERU
VERV
VERX
VET
VETZ
VEU
VFC
VFF
VFH
VFL
VFLO
VFMF
VFMO
VFMV
VFQY
VFS
VFVA
VG
VGAS
VGI
VGIT
VGK
VGLT
VGM
VGMS
VGSH
VGSR
VGT
VGUS
VGZ
VHC
VHI
VHT
VIAV
VICE
VICI
VICR
VIDI
VIG
VIGI
VIGL
VIK
VINP
VIOG
VIOO
VIOT
VIOV
VIPS
VIR
VIRC
VIRT
VIS
VIST
VITL
VIV
VIVK
VIVS
VIXM
VIXY
VKI
VKQ
VKTX
VLCN
VLLU
VLN
VLO
VLRS
VLT
VLTO
VLU
VLUE
VLY
VMAR
VMAX
VMBS
VMC
VMD
VMEO
VMI
VMO
VNAM
VNCE
VNDA
VNET
VNIE
VNLA
VNM
VNO
VNOM
VNQ
VNQI
VNRX
VNSE
VNT
VNTG
VO
VOC
VOD
VOE
VOLT
VONE
VONG
VONV
VOO
VOOG
VOOV
VOR
VOT
VOTE
VOX
VOXR
VOYA
VOYG
VPC
VPG
VPL
VPLS
VPU
VPV
VRA
VRAI
VRAR
VRAX
VRCA
VRDN
VRE
VREX
VRIG
VRM
VRME
VRNA
VRNS
VRNT
VRP
VRRM
VRSK
VRSN
VRT
VRTL
VRTS
VRTX
VS
VSA
VSAT
VSCO
VSDA
VSDB
VSDM
VSEC
VSEE
VSGX
VSH
VSHY
VSLU
VSME
VSMV
VSS
VST
VSTA
VSTM
VSTS
VT
VTAK
VTC
VTEB
VTEC
VTEI
VTEL
VTES
VTEX
VTGN
VTHR
VTI
VTIP
VTLE
VTMX
VTN
VTOL
VTR
VTRS
VTS
VTSI
VTV
VTVT
VTWG
VTWO
VTWV
VTYX
VUG
VUSB
VUSE
VUZI
VV
VVOS
VVPR
VVR
VVV
VVX
VWID
VWO
VWOB
VXF
VXRT
VXUS
VXX
VXZ
VYGR
VYLD
VYM
VYMI
VYNE
VYX
VZ
VZLA
W
WAB
WABC
WABF
WAFD
WAFU
WAL
WALD
WANT
WAR
WASH
WAT
WATT
WAVE
WAY
WB
WBA
WBAT
WBD
WBIF
WBIG
WBIL
WBIY
WBND
WBS
WBTN
WBUY
WBX
WCBR
WCC
WCEO
WCLD
WCME
WCMI
WCN
WCT
WD
WDAY
WDC
WDFC
WDH
WDI
WDIV
WDNA
WDS
WDTE
WEA
WEAT
WEAV
WEBL
WEBS
WEC
WEED
WEEI
WEEK
WEEL
WELL
WEN
WERN
WES
WEST
WETH
WETO
WEX
WEYS
WF
WFC
WFCF
WFF
WFG
WFH
WFRD
WGMI
WGO
WGRX
WGS
WH
WHD
WHF
WHG
WHLR
WHR
WHTX
WHWK
WIA
WILC
WILD
WINA
WINC
WING
WINN
WINT
WIP
WISE
WIT
WIW
WIX
WK
WKC
WKEY
WKHS
WKSP
WLAC
WLDN
WLDR
WLDS
WLFC
WLGS
WLK
WLKP
WLTG
WLY
WLYB
WM
WMB
WMG
WMK
WMS
WMT
WNC
WNDY
WNEB
WNS
WNTR
WNW
WOK
WOLF
WOMN
WOOD
WOOF
WOR
WORX
WOW
WPC
WPM
WPP
WPRT
WRAP
WRB
WRBY
WRD
WRLD
WRN
WRND
WS
WSBC
WSBF
WSBK
WSC
WSFS
WSM
WSML
WSO
WSR
WST
WT
WTAI
WTBA
WTBN
WTF
WTFC
WTI
WTID
WTIU
WTM
WTMF
WTMU
WTMY
WTO
WTPI
WTRE
WTRG
WTS
WTTR
WTV
WTW
WU
WUGI
WULF
WVE
WVVI
WWD
WWJD
WWR
WWW
WXET
WXM
WY
WYHG
WYNN
WYY
X
XAGE
XAIR
XAIX
XAPR
XAR
XAUG
XB
XBAP
XBB
XBI
XBIL
XBIO
XBIT
XBJA
XBJL
XBOC
XBP
XBTY
XC
XCCC
XCEM
XCH
XCLR
XCNY
XCOR
XCUR
XDAT
XDEC
XDJL
XDOC
XDQQ
XDSQ
XDTE
XEL
XELB
XEMD
XENE
XERS
XES
XFEB
XFIV
XFIX
XFLT
XFLX
XFOR
XGN
XHB
XHE
XHG
XHLD
XHLF
XHR
XHS
XHYC
XHYD
XHYE
XHYF
XHYH
XHYI
XHYT
XIDE
XIDV
XIFR
XIJN
XIMR
XIN
XISE
XITK
XJAN
XJH
XJR
XJUL
XJUN
XLB
XLC
XLE
XLF
XLG
XLI
XLK
XLO
XLP
XLRE
XLSR
XLU
XLV
XLY
XMAG
XMAR
XMAY
XME
XMHQ
XMLV
XMMO
XMPT
XMTR
XMVM
XNAV
XNCR
XNET
XNOV
XNTK
XOCT
XOM
XOMA
XOMO
XOMX
XOMZ
XONE
XOP
XOS
XOVR
XP
XPAY
XPEL
XPER
XPEV
XPH
XPL
XPND
XPO
XPOF
XPON
XPP
XPRO
XRAY
XRLV
XRLX
XRMI
XRPI
XRPT
XRT
XRTX
XRX
XSD
XSEP
XSHD
XSHQ
XSLV
XSMO
XSOE
XSVM
XSVN
XSW
XT
XTAP
XTEN
XTIA
XTJA
XTJL
XTL
XTLB
XTN
XTNT
XTOC
XTR
XTRE
XTWO
XTWY
XUDV
XUSP
XV
XVOL
XVV
XWEL
XXCH
XXII
XXRP
XYF
XYL
XYLD
XYLG
XYLO
XYZ
XYZG
XYZY
YAAS
YALA
YALL
YANG
YB
YBIT
YBTC
YCBD
YCL
YCS
YDEC
YEAR
YELP
YETH
YETI
YEXT
YFFI
YFYA
YGLD
YGMZ
YHC
YHGJ
YHNA
YI
YIBO
YINN
YJ
YJUN
YLD
YLDE
YMAB
YMAG
YMAR
YMAX
YMM
YOKE
YOLO
YORW
YOSH
YOU
YPF
YQ
YQQQ
YRD
YSEP
YSG
YSPY
YSXT
YTRA
YUM
YUMC
YXI
YXT
YYAI
YYGH
YYY
Z
ZALT
ZAP
ZAPR
ZAUG
ZBAI
ZBAO
ZBH
ZBIO
ZBRA
ZCMD
ZD
ZDEK
ZDGE
ZECP
ZENA
ZENV
ZEO
ZEPP
ZETA
ZEUS
ZFEB
ZG
ZGN
ZH
ZHDG
ZIG
ZIM
ZIMV
ZION
ZIP
ZIPP
ZJAN
ZJK
ZJUL
ZJUN
ZK
ZKH
ZKIN
ZLAB
ZM
ZMAR
ZMAY
ZNOV
ZNTL
ZOCT
ZONE
ZOOZ
ZROZ
ZS
ZSB
ZSC
ZSEP
ZSL
ZSPC
ZTAX
ZTEK
ZTEN
ZTO
ZTOP
ZTR
ZTRE
ZTS
ZTWO
ZUMZ
ZURA
ZVIA
ZVOL
ZVRA
ZVSA
ZWS
ZYBT
ZYME
ZYXI
ZZZ
